TN:
SF:/Users/kitsonk/github/dojo/dojo.js
FN:1,(anonymous_1)
FN:66,(anonymous_2)
FN:69,(anonymous_3)
FN:78,(anonymous_4)
FN:82,(anonymous_5)
FN:86,(anonymous_6)
FN:90,(anonymous_7)
FN:98,(anonymous_8)
FN:105,(anonymous_9)
FN:111,(anonymous_10)
FN:119,(anonymous_11)
FN:134,(anonymous_12)
FN:140,(anonymous_13)
FN:184,(anonymous_14)
FN:240,(anonymous_15)
FN:266,(anonymous_16)
FN:276,(anonymous_17)
FN:298,(anonymous_18)
FN:316,(anonymous_19)
FN:323,(anonymous_20)
FN:346,(anonymous_21)
FN:351,(anonymous_22)
FN:360,(anonymous_23)
FN:364,(anonymous_24)
FN:368,(anonymous_25)
FN:373,(anonymous_26)
FN:485,(anonymous_27)
FN:508,(anonymous_28)
FN:509,(anonymous_29)
FN:512,(anonymous_30)
FN:525,(anonymous_31)
FN:529,(anonymous_32)
FN:530,(anonymous_33)
FN:537,(anonymous_34)
FN:569,(anonymous_35)
FN:619,(anonymous_36)
FN:634,(anonymous_37)
FN:760,(anonymous_38)
FN:762,(anonymous_39)
FN:765,(anonymous_40)
FN:768,(anonymous_41)
FN:769,(anonymous_42)
FN:784,(anonymous_43)
FN:833,(anonymous_44)
FN:846,(anonymous_45)
FN:852,(anonymous_46)
FN:857,(anonymous_47)
FN:860,(anonymous_48)
FN:864,(anonymous_49)
FN:869,(anonymous_50)
FN:899,(anonymous_51)
FN:908,(anonymous_52)
FN:922,(anonymous_53)
FN:926,(anonymous_54)
FN:938,(anonymous_55)
FN:954,(anonymous_56)
FN:963,(anonymous_57)
FN:1007,(anonymous_58)
FN:1044,(anonymous_59)
FN:1048,(anonymous_60)
FN:1049,(anonymous_61)
FN:1054,(anonymous_62)
FN:1065,(anonymous_63)
FN:1099,(anonymous_64)
FN:1103,(anonymous_65)
FN:1121,(anonymous_66)
FN:1129,(anonymous_67)
FN:1151,(anonymous_68)
FN:1159,(anonymous_69)
FN:1166,(anonymous_70)
FN:1185,(anonymous_71)
FN:1199,(anonymous_72)
FN:1203,(anonymous_73)
FN:1225,(anonymous_74)
FN:1281,(anonymous_75)
FN:1293,(anonymous_76)
FN:1299,(anonymous_77)
FN:1320,(anonymous_78)
FN:1334,(anonymous_79)
FN:1339,(anonymous_80)
FN:1350,(anonymous_81)
FN:1380,(anonymous_82)
FN:1406,(anonymous_83)
FN:1443,(anonymous_84)
FN:1484,(anonymous_85)
FN:1516,(anonymous_86)
FN:1517,(anonymous_87)
FN:1557,(anonymous_88)
FN:1582,(anonymous_89)
FN:1585,(anonymous_90)
FN:1612,(anonymous_91)
FN:1627,(anonymous_92)
FN:1638,(anonymous_93)
FN:1643,(anonymous_94)
FN:1646,(anonymous_95)
FN:1666,(anonymous_96)
FN:1671,(anonymous_97)
FN:1676,(anonymous_98)
FN:1681,(anonymous_99)
FN:1703,(anonymous_100)
FN:1708,(anonymous_101)
FN:1718,(anonymous_102)
FN:1734,(anonymous_103)
FN:1746,(anonymous_104)
FN:1773,(anonymous_105)
FN:1782,(anonymous_106)
FN:1789,(anonymous_107)
FN:1815,(anonymous_108)
FN:1884,(anonymous_109)
FN:1955,(anonymous_110)
FN:1968,(anonymous_111)
FNF:111
FNH:100
FNDA:132,(anonymous_1)
FNDA:3591,(anonymous_2)
FNDA:18892,(anonymous_3)
FNDA:407564,(anonymous_4)
FNDA:6950,(anonymous_5)
FNDA:3075,(anonymous_6)
FNDA:50092,(anonymous_7)
FNDA:13247,(anonymous_8)
FNDA:20,(anonymous_9)
FNDA:1027,(anonymous_10)
FNDA:385,(anonymous_11)
FNDA:395638,(anonymous_12)
FNDA:9394,(anonymous_13)
FNDA:0,(anonymous_14)
FNDA:54,(anonymous_15)
FNDA:74,(anonymous_16)
FNDA:7536,(anonymous_17)
FNDA:1894,(anonymous_18)
FNDA:0,(anonymous_19)
FNDA:1894,(anonymous_20)
FNDA:0,(anonymous_21)
FNDA:1837,(anonymous_22)
FNDA:1255,(anonymous_23)
FNDA:805,(anonymous_24)
FNDA:354,(anonymous_25)
FNDA:4,(anonymous_26)
FNDA:7167,(anonymous_27)
FNDA:610,(anonymous_28)
FNDA:373,(anonymous_29)
FNDA:1984,(anonymous_30)
FNDA:217,(anonymous_31)
FNDA:860,(anonymous_32)
FNDA:6,(anonymous_33)
FNDA:1113,(anonymous_34)
FNDA:860,(anonymous_35)
FNDA:0,(anonymous_36)
FNDA:264,(anonymous_37)
FNDA:6493,(anonymous_38)
FNDA:6493,(anonymous_39)
FNDA:0,(anonymous_40)
FNDA:0,(anonymous_41)
FNDA:0,(anonymous_42)
FNDA:1233,(anonymous_43)
FNDA:1027,(anonymous_44)
FNDA:5625,(anonymous_45)
FNDA:848,(anonymous_46)
FNDA:396,(anonymous_47)
FNDA:3,(anonymous_48)
FNDA:20,(anonymous_49)
FNDA:67,(anonymous_50)
FNDA:6354,(anonymous_51)
FNDA:6837,(anonymous_52)
FNDA:12061,(anonymous_53)
FNDA:34782,(anonymous_54)
FNDA:31285,(anonymous_55)
FNDA:7623,(anonymous_56)
FNDA:24711,(anonymous_57)
FNDA:197,(anonymous_58)
FNDA:24683,(anonymous_59)
FNDA:1190,(anonymous_60)
FNDA:507,(anonymous_61)
FNDA:24534,(anonymous_62)
FNDA:70,(anonymous_63)
FNDA:840,(anonymous_64)
FNDA:404,(anonymous_65)
FNDA:396,(anonymous_66)
FNDA:6350,(anonymous_67)
FNDA:310,(anonymous_68)
FNDA:211,(anonymous_69)
FNDA:442,(anonymous_70)
FNDA:14951,(anonymous_71)
FNDA:7362,(anonymous_72)
FNDA:34,(anonymous_73)
FNDA:181965,(anonymous_74)
FNDA:11662,(anonymous_75)
FNDA:7284,(anonymous_76)
FNDA:3790,(anonymous_77)
FNDA:20,(anonymous_78)
FNDA:5911,(anonymous_79)
FNDA:1330,(anonymous_80)
FNDA:888,(anonymous_81)
FNDA:1791,(anonymous_82)
FNDA:23200,(anonymous_83)
FNDA:5402,(anonymous_84)
FNDA:1894,(anonymous_85)
FNDA:0,(anonymous_86)
FNDA:0,(anonymous_87)
FNDA:5427,(anonymous_88)
FNDA:1,(anonymous_89)
FNDA:9,(anonymous_90)
FNDA:7155,(anonymous_91)
FNDA:5383,(anonymous_92)
FNDA:7834,(anonymous_93)
FNDA:6354,(anonymous_94)
FNDA:1,(anonymous_95)
FNDA:7358,(anonymous_96)
FNDA:7338,(anonymous_97)
FNDA:0,(anonymous_98)
FNDA:112,(anonymous_99)
FNDA:3613,(anonymous_100)
FNDA:3611,(anonymous_101)
FNDA:2,(anonymous_102)
FNDA:0,(anonymous_103)
FNDA:135828,(anonymous_104)
FNDA:132,(anonymous_105)
FNDA:464,(anonymous_106)
FNDA:5427,(anonymous_107)
FNDA:12,(anonymous_108)
FNDA:3,(anonymous_109)
FNDA:396,(anonymous_110)
FNDA:132,(anonymous_111)
DA:1,132
DA:66,132
DA:70,18892
DA:71,15093
DA:73,3799
DA:79,407564
DA:83,6950
DA:87,3075
DA:91,50092
DA:92,40793
DA:93,32689
DA:99,13247
DA:100,89414
DA:102,13247
DA:106,20
DA:113,1027
DA:124,385
DA:135,395638
DA:140,132
DA:141,9394
DA:142,9394
DA:145,132
DA:148,132
DA:150,0
DA:152,0
DA:155,132
DA:158,132
DA:160,0
DA:161,0
DA:162,0
DA:163,0
DA:164,0
DA:167,0
DA:168,0
DA:171,132
DA:172,132
DA:173,0
DA:183,0
DA:191,0
DA:192,0
DA:193,0
DA:195,0
DA:196,0
DA:204,132
DA:205,85
DA:214,132
DA:220,132
DA:222,132
DA:223,132
DA:224,132
DA:225,132
DA:226,132
DA:229,132
DA:237,132
DA:238,132
DA:240,132
DA:243,54
DA:244,53
DA:245,53
DA:246,53
DA:249,54
DA:266,74
DA:271,132
DA:274,132
DA:276,132
DA:277,7536
DA:279,5279
DA:281,2257
DA:283,4
DA:288,2253
DA:289,2253
DA:294,132
DA:295,132
DA:296,132
DA:297,132
DA:298,132
DA:299,1894
DA:303,0
DA:304,0
DA:305,0
DA:306,0
DA:308,0
DA:316,0
DA:317,0
DA:320,132
DA:322,132
DA:323,132
DA:324,1894
DA:325,1894
DA:326,1894
DA:327,1894
DA:328,1894
DA:329,1894
DA:332,0
DA:334,1894
DA:338,0
DA:344,132
DA:350,132
DA:352,1837
DA:358,132
DA:361,1255
DA:364,1255
DA:365,805
DA:370,354
DA:371,354
DA:372,354
DA:374,4
DA:375,8
DA:376,4
DA:377,4
DA:387,132
DA:484,132
DA:485,132
DA:486,7167
DA:487,7167
DA:488,7167
DA:489,30
DA:490,30
DA:491,30
DA:492,0
DA:493,30
DA:494,0
DA:495,30
DA:496,30
DA:497,30
DA:500,7167
DA:501,0
DA:503,7167
DA:504,7161
DA:509,610
DA:517,1984
DA:518,1984
DA:519,607
DA:525,1984
DA:526,1984
DA:530,860
DA:532,6
DA:539,1113
DA:540,1113
DA:542,0
DA:543,0
DA:545,1113
DA:546,1113
DA:549,1113
DA:550,2
DA:553,1113
DA:554,2
DA:558,1113
DA:570,860
DA:571,1813
DA:572,143
DA:574,1813
DA:575,0
DA:577,1813
DA:578,211
DA:580,1813
DA:587,270
DA:588,270
DA:589,270
DA:591,1813
DA:593,1681
DA:594,1681
DA:599,860
DA:600,0
DA:603,860
DA:604,186
DA:609,860
DA:610,87
DA:614,860
DA:618,860
DA:619,0
DA:620,0
DA:621,0
DA:622,0
DA:624,0
DA:625,0
DA:633,860
DA:634,860
DA:635,264
DA:636,264
DA:637,115
DA:642,860
DA:645,860
DA:647,860
DA:648,396
DA:650,464
DA:651,15
DA:652,15
DA:657,860
DA:658,6
DA:659,6
DA:661,6
DA:664,860
DA:671,132
DA:677,132
DA:680,132
DA:681,284
DA:682,284
DA:684,133
DA:685,133
DA:688,133
DA:692,284
DA:693,60
DA:696,60
DA:700,284
DA:701,117
DA:702,6
DA:708,132
DA:710,132
DA:711,132
DA:712,0
DA:713,0
DA:719,132
DA:720,132
DA:723,132
DA:724,0
DA:725,0
DA:726,0
DA:728,0
DA:729,0
DA:732,132
DA:733,132
DA:737,0
DA:738,0
DA:739,0
DA:740,0
DA:741,0
DA:742,0
DA:743,0
DA:744,0
DA:747,0
DA:751,132
DA:752,0
DA:753,0
DA:760,132
DA:762,6493
DA:763,6493
DA:764,6493
DA:765,0
DA:766,0
DA:767,0
DA:768,0
DA:769,0
DA:771,0
DA:772,0
DA:774,0
DA:775,0
DA:776,0
DA:777,0
DA:785,1233
DA:786,1233
DA:788,98
DA:789,98
DA:790,81
DA:792,17
DA:794,1135
DA:796,68
DA:799,68
DA:800,68
DA:802,1135
DA:804,1091
DA:805,64
DA:807,1027
DA:810,1027
DA:811,1523
DA:812,1523
DA:816,1027
DA:823,1027
DA:826,1027
DA:832,1027
DA:833,1027
DA:834,1027
DA:836,1027
DA:838,490
DA:840,1027
DA:843,1135
DA:847,5625
DA:848,81
DA:850,5544
DA:851,5544
DA:852,1427
DA:853,848
DA:855,1427
DA:856,1427
DA:857,1427
DA:858,396
DA:860,1427
DA:861,3
DA:863,1427
DA:864,141
DA:865,20
DA:868,1427
DA:869,1427
DA:870,67
DA:872,67
DA:873,26
DA:874,26
DA:875,0
DA:876,0
DA:879,67
DA:884,5544
DA:900,6354
DA:901,6354
DA:902,6354
DA:903,5404
DA:905,6354
DA:909,6837
DA:910,6837
DA:911,6837
DA:912,5503
DA:914,6837
DA:915,1479
DA:916,1479
DA:923,12061
DA:928,34782
DA:929,34782
DA:930,19722
DA:931,3326
DA:935,31456
DA:939,31285
DA:941,31285
DA:942,31285
DA:943,176595
DA:944,176595
DA:945,26909
DA:946,26909
DA:947,149686
DA:948,131953
DA:951,31285
DA:955,7623
DA:956,7623
DA:957,7623
DA:959,0
DA:966,24711
DA:967,24711
DA:968,24711
DA:969,24711
DA:974,18
DA:977,24693
DA:978,24693
DA:979,0
DA:984,24693
DA:985,2298
DA:987,24693
DA:988,23473
DA:989,23473
DA:992,24693
DA:993,844
DA:996,24693
DA:997,24693
DA:998,24693
DA:999,22318
DA:1001,2375
DA:1005,24693
DA:1007,24693
DA:1008,197
DA:1009,197
DA:1010,17
DA:1013,24693
DA:1014,14
DA:1017,24679
DA:1018,24679
DA:1019,18101
DA:1026,6578
DA:1027,6578
DA:1028,49
DA:1029,6529
DA:1030,6021
DA:1031,508
DA:1032,146
DA:1034,362
DA:1037,6578
DA:1038,6492
DA:1040,6578
DA:1041,6578
DA:1045,24683
DA:1049,1190
DA:1056,24534
DA:1057,24534
DA:1058,24534
DA:1060,1192
DA:1062,1192
DA:1063,70
DA:1064,70
DA:1065,70
DA:1066,70
DA:1069,70
DA:1070,70
DA:1073,0
DA:1079,1192
DA:1081,29
DA:1085,1192
DA:1086,748
DA:1087,748
DA:1089,444
DA:1090,444
DA:1092,1192
DA:1094,23342
DA:1096,24534
DA:1100,840
DA:1104,404
DA:1106,404
DA:1122,396
DA:1130,6350
DA:1131,6350
DA:1133,6350
DA:1134,6350
DA:1135,0
DA:1136,0
DA:1138,0
DA:1141,6350
DA:1143,6350
DA:1144,6350
DA:1152,310
DA:1153,310
DA:1154,310
DA:1155,310
DA:1156,310
DA:1165,211
DA:1166,211
DA:1168,442
DA:1171,442
DA:1173,380
DA:1178,442
DA:1179,442
DA:1180,442
DA:1182,211
DA:1185,211
DA:1186,14951
DA:1187,39322
DA:1188,39322
DA:1189,427
DA:1193,211
DA:1194,13743
DA:1196,211
DA:1200,7362
DA:1201,7362
DA:1202,7362
DA:1203,7362
DA:1204,7362
DA:1206,211
DA:1207,211
DA:1210,7362
DA:1211,24917
DA:1212,748
DA:1214,24169
DA:1218,7362
DA:1219,1026
DA:1227,181965
DA:1228,944
DA:1229,944
DA:1234,181021
DA:1235,79907
DA:1236,24280
DA:1238,55627
DA:1244,55627
DA:1245,55627
DA:1246,55627
DA:1255,55627
DA:1256,55627
DA:1257,165913
DA:1261,165913
DA:1262,49277
DA:1263,49277
DA:1264,49277
DA:1265,49277
DA:1267,116636
DA:1269,6350
DA:1270,6350
DA:1271,6350
DA:1275,107464
DA:1282,11662
DA:1283,11662
DA:1284,11662
DA:1286,11662
DA:1288,11662
DA:1289,392
DA:1296,7284
DA:1297,3494
DA:1299,3790
DA:1300,3790
DA:1301,3790
DA:1302,24484
DA:1303,24484
DA:1304,24484
DA:1305,24484
DA:1308,1205
DA:1309,1205
DA:1312,23279
DA:1319,132
DA:1320,1
DA:1323,20
DA:1324,20
DA:1325,20
DA:1329,132
DA:1330,132
DA:1331,132
DA:1334,132
DA:1335,5911
DA:1336,5911
DA:1343,1330
DA:1345,1330
DA:1347,0
DA:1350,1330
DA:1351,888
DA:1352,888
DA:1353,888
DA:1354,888
DA:1357,1330
DA:1358,888
DA:1359,442
DA:1360,231
DA:1366,211
DA:1367,211
DA:1368,211
DA:1382,1791
DA:1383,66
DA:1385,1791
DA:1386,1791
DA:1387,0
DA:1388,0
DA:1389,0
DA:1391,0
DA:1394,0
DA:1397,1791
DA:1398,14
DA:1400,1777
DA:1403,1791
DA:1412,23200
DA:1414,23200
DA:1415,16846
DA:1417,6354
DA:1419,6354
DA:1420,0
DA:1421,0
DA:1426,0
DA:1427,0
DA:1428,0
DA:1429,0
DA:1431,0
DA:1432,0
DA:1433,0
DA:1437,6354
DA:1438,950
DA:1439,950
DA:1443,5404
DA:1444,5402
DA:1445,5402
DA:1450,10
DA:1451,0
DA:1452,0
DA:1454,10
DA:1455,10
DA:1456,10
DA:1459,5402
DA:1463,1929
DA:1465,3473
DA:1468,5404
DA:1469,5404
DA:1470,14
DA:1471,14
DA:1472,14
DA:1473,14
DA:1475,5390
DA:1476,1929
DA:1478,35
DA:1480,1894
DA:1484,1894
DA:1485,1894
DA:1490,1753
DA:1491,1753
DA:1492,1753
DA:1495,1753
DA:1498,1753
DA:1499,9
DA:1500,9
DA:1503,1753
DA:1512,0
DA:1514,0
DA:1516,0
DA:1517,0
DA:1520,0
DA:1522,1753
DA:1524,141
DA:1525,141
DA:1526,24
DA:1527,24
DA:1531,117
DA:1532,117
DA:1533,117
DA:1538,1894
DA:1539,1894
DA:1540,0
DA:1541,0
DA:1543,0
DA:1546,1894
DA:1548,1894
DA:1551,3496
DA:1552,3496
DA:1553,3496
DA:1554,3496
DA:1558,5427
DA:1560,5427
DA:1564,0
DA:1565,0
DA:1566,0
DA:1567,0
DA:1570,5427
DA:1571,5427
DA:1572,0
DA:1573,0
DA:1575,5427
DA:1583,1
DA:1586,9
DA:1592,5427
DA:1593,21305
DA:1596,5427
DA:1598,39
DA:1599,39
DA:1600,39
DA:1602,5427
DA:1604,5427
DA:1605,105
DA:1606,105
DA:1609,5427
DA:1615,7155
DA:1617,7155
DA:1618,5383
DA:1619,5383
DA:1623,5383
DA:1624,5383
DA:1626,7155
DA:1627,7155
DA:1628,5383
DA:1633,132
DA:1636,132
DA:1638,132
DA:1639,7834
DA:1640,7834
DA:1643,132
DA:1644,6354
DA:1645,6354
DA:1646,6354
DA:1647,1
DA:1648,1
DA:1654,132
DA:1661,132
DA:1665,132
DA:1666,132
DA:1669,7358
DA:1670,7358
DA:1671,7358
DA:1672,7338
DA:1675,0
DA:1676,0
DA:1677,0
DA:1682,112
DA:1683,112
DA:1684,112
DA:1687,132
DA:1694,132
DA:1697,132
DA:1698,0
DA:1699,0
DA:1703,132
DA:1707,3613
DA:1709,3611
DA:1710,3611
DA:1711,3611
DA:1712,3611
DA:1713,3611
DA:1714,3611
DA:1719,2
DA:1720,2
DA:1721,2
DA:1724,3613
DA:1725,3613
DA:1726,3613
DA:1727,3613
DA:1728,3613
DA:1733,132
DA:1734,132
DA:1735,0
DA:1736,0
DA:1737,0
DA:1742,0
DA:1745,132
DA:1746,132
DA:1755,135828
DA:1756,0
DA:1757,0
DA:1758,0
DA:1759,0
DA:1760,0
DA:1762,0
DA:1765,0
DA:1766,0
DA:1767,0
DA:1770,132
DA:1774,132
DA:1775,0
DA:1777,132
DA:1781,132
DA:1782,132
DA:1783,464
DA:1786,0
DA:1789,132
DA:1800,5427
DA:1804,5427
DA:1805,72
DA:1806,5355
DA:1807,60
DA:1808,5295
DA:1809,46
DA:1812,5427
DA:1813,29
DA:1816,12
DA:1820,5427
DA:1821,5427
DA:1823,5427
DA:1829,44
DA:1830,5383
DA:1833,5383
DA:1837,0
DA:1838,0
DA:1839,0
DA:1840,0
DA:1841,0
DA:1842,0
DA:1843,0
DA:1846,0
DA:1847,0
DA:1848,0
DA:1849,0
DA:1850,0
DA:1852,0
DA:1856,0
DA:1857,0
DA:1858,0
DA:1859,0
DA:1861,0
DA:1862,0
DA:1863,0
DA:1865,0
DA:1867,0
DA:1870,132
DA:1874,132
DA:1875,38
DA:1881,132
DA:1884,132
DA:1885,3
DA:1886,3
DA:1887,3
DA:1888,3
DA:1889,6
DA:1891,3
DA:1897,132
DA:1904,132
DA:1905,132
DA:1933,132
DA:1934,0
DA:1935,0
DA:1937,0
DA:1939,132
DA:1940,132
DA:1941,132
DA:1942,0
DA:1946,132
DA:1947,0
DA:1949,0
DA:1950,0
DA:1954,132
DA:1955,396
DA:1956,132
DA:1958,132
DA:1960,132
DA:1961,132
DA:1962,132
DA:1970,132
LF:779
LH:624
BRDA:91,1,0,40793
BRDA:91,1,1,9299
BRDA:132,2,0,132
BRDA:132,2,1,132
BRDA:135,3,0,641
BRDA:135,3,1,394997
BRDA:141,4,0,9394
BRDA:141,4,1,882
BRDA:141,4,2,9084
BRDA:142,5,0,9394
BRDA:142,5,1,234
BRDA:145,6,0,0
BRDA:145,6,1,132
BRDA:145,7,0,132
BRDA:145,7,1,47
BRDA:147,8,0,132
BRDA:147,8,1,0
BRDA:147,8,2,0
BRDA:147,8,3,0
BRDA:148,9,0,0
BRDA:148,9,1,132
BRDA:155,10,0,0
BRDA:155,10,1,132
BRDA:155,11,0,132
BRDA:155,11,1,47
BRDA:157,12,0,132
BRDA:157,12,1,0
BRDA:157,12,2,0
BRDA:158,13,0,0
BRDA:158,13,1,132
BRDA:162,14,0,0
BRDA:162,14,1,0
BRDA:171,15,0,132
BRDA:171,15,1,0
BRDA:172,16,0,0
BRDA:172,16,1,132
BRDA:220,17,0,132
BRDA:220,17,1,0
BRDA:237,18,0,132
BRDA:237,18,1,0
BRDA:243,19,0,53
BRDA:243,19,1,1
BRDA:271,20,0,132
BRDA:271,20,1,0
BRDA:271,21,0,132
BRDA:271,21,1,0
BRDA:277,22,0,5279
BRDA:277,22,1,2257
BRDA:281,23,0,4
BRDA:281,23,1,2253
BRDA:289,24,0,2253
BRDA:289,24,1,36
BRDA:289,24,2,16
BRDA:289,24,3,16
BRDA:295,25,0,132
BRDA:295,25,1,132
BRDA:295,25,2,0
BRDA:297,26,0,132
BRDA:297,26,1,0
BRDA:297,27,0,132
BRDA:297,27,1,132
BRDA:306,28,0,0
BRDA:306,28,1,0
BRDA:327,29,0,1894
BRDA:327,29,1,0
BRDA:327,30,0,1894
BRDA:327,30,1,0
BRDA:327,30,2,0
BRDA:328,31,0,1894
BRDA:328,31,1,0
BRDA:344,32,0,0
BRDA:344,32,1,132
BRDA:364,33,0,1255
BRDA:364,33,1,794
BRDA:365,34,0,802
BRDA:365,34,1,3
BRDA:370,35,0,354
BRDA:370,35,1,349
BRDA:375,36,0,4
BRDA:375,36,1,4
BRDA:484,37,0,132
BRDA:484,37,1,0
BRDA:491,38,0,0
BRDA:491,38,1,30
BRDA:493,39,0,0
BRDA:493,39,1,30
BRDA:495,40,0,30
BRDA:495,40,1,0
BRDA:500,41,0,0
BRDA:500,41,1,7167
BRDA:503,42,0,7161
BRDA:503,42,1,6
BRDA:532,43,0,3
BRDA:532,43,1,3
BRDA:540,44,0,0
BRDA:540,44,1,1113
BRDA:546,45,0,1113
BRDA:546,45,1,0
BRDA:549,46,0,2
BRDA:549,46,1,1111
BRDA:553,47,0,2
BRDA:553,47,1,1111
BRDA:571,48,0,143
BRDA:571,48,1,1670
BRDA:572,49,0,143
BRDA:572,49,1,0
BRDA:574,50,0,0
BRDA:574,50,1,1813
BRDA:575,51,0,0
BRDA:575,51,1,0
BRDA:575,52,0,0
BRDA:575,52,1,0
BRDA:577,53,0,211
BRDA:577,53,1,1602
BRDA:577,54,0,1813
BRDA:577,54,1,1602
BRDA:580,55,0,270
BRDA:580,55,1,1543
BRDA:580,56,0,1813
BRDA:580,56,1,1813
BRDA:588,57,0,6
BRDA:588,57,1,264
BRDA:588,58,0,270
BRDA:588,58,1,7
BRDA:588,59,0,155
BRDA:588,59,1,109
BRDA:591,60,0,1681
BRDA:591,60,1,132
BRDA:594,61,0,1681
BRDA:594,61,1,1632
BRDA:599,62,0,0
BRDA:599,62,1,860
BRDA:603,63,0,186
BRDA:603,63,1,674
BRDA:621,64,0,0
BRDA:621,64,1,0
BRDA:636,65,0,115
BRDA:636,65,1,149
BRDA:647,66,0,396
BRDA:647,66,1,464
BRDA:652,67,0,15
BRDA:652,67,1,6
BRDA:657,68,0,6
BRDA:657,68,1,854
BRDA:671,69,0,132
BRDA:671,69,1,0
BRDA:671,70,0,132
BRDA:671,70,1,132
BRDA:682,71,0,133
BRDA:682,71,1,151
BRDA:682,72,0,284
BRDA:682,72,1,197
BRDA:684,73,0,133
BRDA:684,73,1,0
BRDA:685,74,0,133
BRDA:685,74,1,132
BRDA:692,75,0,60
BRDA:692,75,1,224
BRDA:692,76,0,284
BRDA:692,76,1,225
BRDA:700,77,0,117
BRDA:700,77,1,167
BRDA:701,78,0,6
BRDA:701,78,1,111
BRDA:702,79,0,6
BRDA:702,79,1,6
BRDA:708,80,0,132
BRDA:708,80,1,0
BRDA:711,81,0,0
BRDA:711,81,1,132
BRDA:711,82,0,132
BRDA:711,82,1,0
BRDA:713,83,0,0
BRDA:713,83,1,0
BRDA:723,84,0,0
BRDA:723,84,1,132
BRDA:725,85,0,0
BRDA:725,85,1,0
BRDA:751,86,0,0
BRDA:751,86,1,132
BRDA:752,87,0,0
BRDA:752,87,1,0
BRDA:764,88,0,0
BRDA:764,88,1,6493
BRDA:764,89,0,6493
BRDA:764,89,1,0
BRDA:764,89,2,0
BRDA:786,90,0,98
BRDA:786,90,1,1135
BRDA:789,91,0,81
BRDA:789,91,1,17
BRDA:789,92,0,98
BRDA:789,92,1,82
BRDA:794,93,0,68
BRDA:794,93,1,1067
BRDA:802,94,0,1091
BRDA:802,94,1,44
BRDA:804,95,0,64
BRDA:804,95,1,1027
BRDA:805,96,0,64
BRDA:805,96,1,64
BRDA:819,97,0,1027
BRDA:819,97,1,44
BRDA:820,98,0,797
BRDA:820,98,1,230
BRDA:832,99,0,1027
BRDA:832,99,1,816
BRDA:836,100,0,490
BRDA:836,100,1,537
BRDA:847,101,0,81
BRDA:847,101,1,5544
BRDA:851,102,0,1427
BRDA:851,102,1,4117
BRDA:863,103,0,141
BRDA:863,103,1,1286
BRDA:868,104,0,1427
BRDA:868,104,1,0
BRDA:872,105,0,26
BRDA:872,105,1,41
BRDA:872,106,0,67
BRDA:872,106,1,47
BRDA:873,107,0,26
BRDA:873,107,1,26
BRDA:874,108,0,0
BRDA:874,108,1,26
BRDA:879,109,0,67
BRDA:879,109,1,47
BRDA:879,109,2,41
BRDA:902,110,0,5404
BRDA:902,110,1,950
BRDA:903,111,0,5404
BRDA:903,111,1,139
BRDA:911,112,0,5503
BRDA:911,112,1,1334
BRDA:914,113,0,1479
BRDA:914,113,1,5358
BRDA:916,114,0,1479
BRDA:916,114,1,1479
BRDA:916,114,2,6
BRDA:923,115,0,12061
BRDA:923,115,1,12055
BRDA:923,115,2,2320
BRDA:923,115,3,1921
BRDA:928,116,0,34782
BRDA:928,116,1,0
BRDA:930,117,0,3326
BRDA:930,117,1,16396
BRDA:944,118,0,26909
BRDA:944,118,1,149686
BRDA:944,119,0,176595
BRDA:944,119,1,49791
BRDA:944,119,2,44349
BRDA:947,120,0,131953
BRDA:947,120,1,17733
BRDA:955,121,0,7623
BRDA:955,121,1,0
BRDA:957,122,0,7623
BRDA:957,122,1,7403
BRDA:957,122,2,5959
BRDA:969,123,0,18
BRDA:969,123,1,24693
BRDA:969,124,0,24711
BRDA:969,124,1,24695
BRDA:969,124,2,19806
BRDA:977,125,0,19804
BRDA:977,125,1,4889
BRDA:978,126,0,0
BRDA:978,126,1,24693
BRDA:984,127,0,2298
BRDA:984,127,1,22395
BRDA:984,128,0,24693
BRDA:984,128,1,24663
BRDA:984,128,2,4859
BRDA:987,129,0,23473
BRDA:987,129,1,1220
BRDA:987,130,0,24693
BRDA:987,130,1,24411
BRDA:989,131,0,23473
BRDA:989,131,1,2433
BRDA:992,132,0,844
BRDA:992,132,1,23849
BRDA:997,133,0,24619
BRDA:997,133,1,74
BRDA:998,134,0,22318
BRDA:998,134,1,2375
BRDA:999,135,0,22318
BRDA:999,135,1,367
BRDA:1009,136,0,17
BRDA:1009,136,1,180
BRDA:1009,137,0,197
BRDA:1009,137,1,17
BRDA:1010,138,0,0
BRDA:1010,138,1,17
BRDA:1013,139,0,14
BRDA:1013,139,1,24679
BRDA:1018,140,0,18101
BRDA:1018,140,1,6578
BRDA:1019,141,0,0
BRDA:1019,141,1,18101
BRDA:1027,142,0,49
BRDA:1027,142,1,6529
BRDA:1029,143,0,6021
BRDA:1029,143,1,508
BRDA:1031,144,0,146
BRDA:1031,144,1,362
BRDA:1037,145,0,6492
BRDA:1037,145,1,86
BRDA:1049,146,0,860
BRDA:1049,146,1,330
BRDA:1058,147,0,1192
BRDA:1058,147,1,23342
BRDA:1062,148,0,70
BRDA:1062,148,1,1122
BRDA:1062,149,0,1192
BRDA:1062,149,1,1192
BRDA:1062,149,2,325
BRDA:1064,150,0,70
BRDA:1064,150,1,0
BRDA:1064,151,0,70
BRDA:1064,151,1,70
BRDA:1069,152,0,70
BRDA:1069,152,1,0
BRDA:1079,153,0,29
BRDA:1079,153,1,1163
BRDA:1079,154,0,1192
BRDA:1079,154,1,748
BRDA:1085,155,0,748
BRDA:1085,155,1,444
BRDA:1087,156,0,36
BRDA:1087,156,1,712
BRDA:1096,157,0,24534
BRDA:1096,157,1,6430
BRDA:1096,157,2,6414
BRDA:1106,158,0,2
BRDA:1106,158,1,402
BRDA:1133,159,0,6350
BRDA:1133,159,1,6350
BRDA:1134,160,0,0
BRDA:1134,160,1,6350
BRDA:1136,161,0,0
BRDA:1136,161,1,0
BRDA:1141,162,0,6348
BRDA:1141,162,1,2
BRDA:1143,163,0,471
BRDA:1143,163,1,5879
BRDA:1143,164,0,6350
BRDA:1143,164,1,1496
BRDA:1144,165,0,6350
BRDA:1144,165,1,6350
BRDA:1169,166,0,49
BRDA:1169,166,1,393
BRDA:1171,167,0,380
BRDA:1171,167,1,62
BRDA:1171,168,0,442
BRDA:1171,168,1,78
BRDA:1188,169,0,427
BRDA:1188,169,1,38895
BRDA:1203,170,0,7362
BRDA:1203,170,1,7362
BRDA:1204,171,0,211
BRDA:1204,171,1,7151
BRDA:1211,172,0,748
BRDA:1211,172,1,24169
BRDA:1218,173,0,1026
BRDA:1218,173,1,6336
BRDA:1227,174,0,944
BRDA:1227,174,1,181021
BRDA:1229,175,0,1
BRDA:1229,175,1,943
BRDA:1229,176,0,944
BRDA:1229,176,1,944
BRDA:1229,177,0,943
BRDA:1229,177,1,943
BRDA:1234,178,0,79907
BRDA:1234,178,1,101114
BRDA:1235,179,0,24280
BRDA:1235,179,1,55627
BRDA:1239,180,0,55627
BRDA:1239,180,1,0
BRDA:1244,181,0,55627
BRDA:1244,181,1,0
BRDA:1257,182,0,4433
BRDA:1257,182,1,161480
BRDA:1258,183,0,4505
BRDA:1258,183,1,156975
BRDA:1259,184,0,623
BRDA:1259,184,1,156352
BRDA:1261,185,0,49277
BRDA:1261,185,1,116636
BRDA:1264,186,0,49277
BRDA:1264,186,1,49277
BRDA:1271,187,0,6350
BRDA:1271,187,1,6350
BRDA:1288,188,0,392
BRDA:1288,188,1,11270
BRDA:1296,189,0,3494
BRDA:1296,189,1,3790
BRDA:1305,190,0,1205
BRDA:1305,190,1,23279
BRDA:1319,191,0,1
BRDA:1319,191,1,131
BRDA:1329,192,0,132
BRDA:1329,192,1,0
BRDA:1330,193,0,132
BRDA:1330,193,1,0
BRDA:1334,194,0,0
BRDA:1334,194,1,132
BRDA:1336,195,0,0
BRDA:1336,195,1,5911
BRDA:1336,196,0,0
BRDA:1336,196,1,0
BRDA:1345,197,0,0
BRDA:1345,197,1,1330
BRDA:1345,198,0,1330
BRDA:1345,198,1,888
BRDA:1357,199,0,888
BRDA:1357,199,1,442
BRDA:1359,200,0,231
BRDA:1359,200,1,211
BRDA:1382,201,0,66
BRDA:1382,201,1,1725
BRDA:1386,202,0,0
BRDA:1386,202,1,1791
BRDA:1388,203,0,0
BRDA:1388,203,1,0
BRDA:1391,204,0,0
BRDA:1391,204,1,0
BRDA:1397,205,0,14
BRDA:1397,205,1,1777
BRDA:1400,206,0,1777
BRDA:1400,206,1,0
BRDA:1414,207,0,16846
BRDA:1414,207,1,6354
BRDA:1414,208,0,23200
BRDA:1414,208,1,14157
BRDA:1414,208,2,6356
BRDA:1414,208,3,6356
BRDA:1414,208,4,5406
BRDA:1414,208,5,5265
BRDA:1414,208,6,5406
BRDA:1419,209,0,0
BRDA:1419,209,1,6354
BRDA:1421,210,0,0
BRDA:1421,210,1,0
BRDA:1421,211,0,0
BRDA:1421,211,1,0
BRDA:1428,212,0,0
BRDA:1428,212,1,0
BRDA:1431,213,0,0
BRDA:1431,213,1,0
BRDA:1437,214,0,950
BRDA:1437,214,1,5404
BRDA:1445,215,0,10
BRDA:1445,215,1,5392
BRDA:1450,216,0,0
BRDA:1450,216,1,10
BRDA:1459,217,0,1929
BRDA:1459,217,1,3473
BRDA:1459,218,0,5402
BRDA:1459,218,1,5402
BRDA:1463,219,0,1929
BRDA:1463,219,1,1857
BRDA:1468,220,0,5404
BRDA:1468,220,1,5390
BRDA:1469,221,0,14
BRDA:1469,221,1,5390
BRDA:1475,222,0,1929
BRDA:1475,222,1,3461
BRDA:1475,223,0,5390
BRDA:1475,223,1,5390
BRDA:1476,224,0,35
BRDA:1476,224,1,1894
BRDA:1478,225,0,35
BRDA:1478,225,1,6
BRDA:1480,226,0,0
BRDA:1480,226,1,1894
BRDA:1480,227,0,1894
BRDA:1480,227,1,0
BRDA:1485,228,0,1753
BRDA:1485,228,1,141
BRDA:1498,229,0,9
BRDA:1498,229,1,1744
BRDA:1503,230,0,0
BRDA:1503,230,1,1753
BRDA:1525,231,0,24
BRDA:1525,231,1,117
BRDA:1539,232,0,0
BRDA:1539,232,1,1894
BRDA:1560,233,0,0
BRDA:1560,233,1,5427
BRDA:1560,234,0,5427
BRDA:1560,234,1,0
BRDA:1560,234,2,0
BRDA:1564,235,0,0
BRDA:1564,235,1,0
BRDA:1571,236,0,0
BRDA:1571,236,1,5427
BRDA:1596,237,0,39
BRDA:1596,237,1,5388
BRDA:1596,238,0,5427
BRDA:1596,238,1,5427
BRDA:1596,238,2,1958
BRDA:1604,239,0,105
BRDA:1604,239,1,5322
BRDA:1604,240,0,5427
BRDA:1604,240,1,105
BRDA:1619,241,0,5383
BRDA:1619,241,1,0
BRDA:1623,242,0,5383
BRDA:1623,242,1,62
BRDA:1623,242,2,5321
BRDA:1636,243,0,132
BRDA:1636,243,1,0
BRDA:1639,244,0,7834
BRDA:1639,244,1,6353
BRDA:1645,245,0,6354
BRDA:1645,245,1,0
BRDA:1654,246,0,132
BRDA:1654,246,1,0
BRDA:1661,247,0,132
BRDA:1661,247,1,0
BRDA:1661,247,2,0
BRDA:1661,247,3,0
BRDA:1665,248,0,132
BRDA:1665,248,1,0
BRDA:1665,249,0,132
BRDA:1665,249,1,132
BRDA:1665,249,2,0
BRDA:1669,250,0,7358
BRDA:1669,250,1,0
BRDA:1683,251,0,112
BRDA:1683,251,1,0
BRDA:1687,252,0,132
BRDA:1687,252,1,0
BRDA:1698,253,0,0
BRDA:1698,253,1,0
BRDA:1698,254,0,0
BRDA:1698,254,1,0
BRDA:1709,255,0,3611
BRDA:1709,255,1,0
BRDA:1710,256,0,3611
BRDA:1710,256,1,0
BRDA:1711,257,0,3611
BRDA:1711,257,1,0
BRDA:1711,258,0,3611
BRDA:1711,258,1,0
BRDA:1714,259,0,3611
BRDA:1714,259,1,3611
BRDA:1733,260,0,132
BRDA:1733,260,1,0
BRDA:1745,261,0,132
BRDA:1745,261,1,0
BRDA:1755,262,0,0
BRDA:1755,262,1,135828
BRDA:1755,263,0,135828
BRDA:1755,263,1,135828
BRDA:1759,264,0,0
BRDA:1759,264,1,0
BRDA:1766,265,0,0
BRDA:1766,265,1,0
BRDA:1774,266,0,0
BRDA:1774,266,1,132
BRDA:1783,267,0,464
BRDA:1783,267,1,0
BRDA:1804,268,0,72
BRDA:1804,268,1,5355
BRDA:1805,269,0,9
BRDA:1805,269,1,63
BRDA:1806,270,0,60
BRDA:1806,270,1,5295
BRDA:1806,271,0,5355
BRDA:1806,271,1,5309
BRDA:1807,272,0,20
BRDA:1807,272,1,40
BRDA:1808,273,0,46
BRDA:1808,273,1,5249
BRDA:1812,274,0,29
BRDA:1812,274,1,5398
BRDA:1812,275,0,5427
BRDA:1812,275,1,5427
BRDA:1821,276,0,5427
BRDA:1821,276,1,106
BRDA:1823,277,0,44
BRDA:1823,277,1,5383
BRDA:1823,278,0,5427
BRDA:1823,278,1,106
BRDA:1830,279,0,5383
BRDA:1830,279,1,0
BRDA:1830,280,0,5383
BRDA:1830,280,1,0
BRDA:1830,280,2,0
BRDA:1837,281,0,0
BRDA:1837,281,1,0
BRDA:1838,282,0,0
BRDA:1838,282,1,0
BRDA:1841,283,0,0
BRDA:1841,283,1,0
BRDA:1841,284,0,0
BRDA:1841,284,1,0
BRDA:1841,284,2,0
BRDA:1846,285,0,0
BRDA:1846,285,1,0
BRDA:1846,286,0,0
BRDA:1846,286,1,0
BRDA:1849,287,0,0
BRDA:1849,287,1,0
BRDA:1849,288,0,0
BRDA:1849,288,1,0
BRDA:1856,289,0,0
BRDA:1856,289,1,0
BRDA:1856,290,0,0
BRDA:1856,290,1,0
BRDA:1858,291,0,0
BRDA:1858,291,1,0
BRDA:1861,292,0,0
BRDA:1861,292,1,0
BRDA:1874,293,0,38
BRDA:1874,293,1,94
BRDA:1887,294,0,3
BRDA:1887,294,1,0
BRDA:1904,295,0,132
BRDA:1904,295,1,0
BRDA:1933,296,0,0
BRDA:1933,296,1,132
BRDA:1934,297,0,0
BRDA:1934,297,1,0
BRDA:1941,298,0,0
BRDA:1941,298,1,132
BRDA:1946,299,0,0
BRDA:1946,299,1,132
BRDA:1946,300,0,132
BRDA:1946,300,1,0
BRDA:1946,300,2,0
BRDA:1954,301,0,132
BRDA:1954,301,1,0
BRDA:1956,302,0,132
BRDA:1956,302,1,126
BRDA:1956,302,2,124
BRDA:1957,303,0,132
BRDA:1957,303,1,132
BRDA:1957,303,2,62
BRDA:1958,304,0,70
BRDA:1958,304,1,62
BRDA:1958,305,0,132
BRDA:1958,305,1,124
BRDA:1958,306,0,70
BRDA:1958,306,1,62
BRDA:1960,307,0,132
BRDA:1960,307,1,0
BRDA:1961,308,0,132
BRDA:1961,308,1,30
BRDA:1962,309,0,132
BRDA:1962,309,1,70
BRDA:1970,310,0,132
BRDA:1970,310,1,54
BRDA:1970,310,2,52
BRDA:1970,310,3,51
BRF:657
BRH:484
end_of_record
TN:
SF:/Users/kitsonk/github/dojo/AdapterRegistry.js
FN:1,(anonymous_1)
FN:5,(anonymous_2)
FN:44,(anonymous_3)
FN:68,(anonymous_4)
FN:87,(anonymous_5)
FNF:5
FNH:5
FNDA:1,(anonymous_1)
FNDA:6,(anonymous_2)
FNDA:7,(anonymous_3)
FNDA:3,(anonymous_4)
FNDA:1,(anonymous_5)
DA:1,1
DA:5,1
DA:39,6
DA:40,6
DA:43,1
DA:65,7
DA:74,3
DA:75,2
DA:76,2
DA:77,2
DA:78,1
DA:80,1
DA:84,1
DA:99,1
DA:100,1
DA:101,1
DA:102,1
DA:103,1
DA:106,0
DA:110,1
LF:20
LH:19
BRDA:40,1,0,6
BRDA:40,1,1,5
BRDA:65,2,0,2
BRDA:65,2,1,5
BRDA:76,3,0,2
BRDA:76,3,1,0
BRDA:77,4,0,1
BRDA:77,4,1,1
BRDA:77,5,0,2
BRDA:77,5,1,2
BRDA:101,6,0,1
BRDA:101,6,1,0
BRF:12
BRH:10
end_of_record
TN:
SF:/Users/kitsonk/github/dojo/Stateful.js
FN:1,(anonymous_1)
FN:31,(anonymous_2)
FN:46,(anonymous_3)
FN:51,(anonymous_4)
FN:58,(anonymous_5)
FN:78,(anonymous_6)
FN:129,(anonymous_7)
FN:135,(anonymous_8)
FN:157,(anonymous_9)
FN:177,(anonymous_10)
FN:178,(anonymous_11)
FN:207,(anonymous_12)
FNF:12
FNH:12
FNDA:1,(anonymous_1)
FNDA:38,(anonymous_2)
FNDA:10,(anonymous_3)
FNDA:38,(anonymous_4)
FNDA:14,(anonymous_5)
FNDA:32,(anonymous_6)
FNDA:11,(anonymous_7)
FNDA:2,(anonymous_8)
FNDA:9,(anonymous_9)
FNDA:13,(anonymous_10)
FNDA:26,(anonymous_11)
FNDA:4,(anonymous_12)
DA:1,1
DA:5,1
DA:38,38
DA:39,38
DA:40,3
DA:48,10
DA:56,38
DA:76,14
DA:106,32
DA:107,8
DA:108,27
DA:109,12
DA:112,8
DA:115,24
DA:119,24
DA:121,7
DA:124,17
DA:126,24
DA:127,11
DA:129,11
DA:130,11
DA:133,24
DA:150,2
DA:151,2
DA:152,2
DA:153,2
DA:155,2
DA:174,9
DA:175,9
DA:176,6
DA:177,6
DA:178,13
DA:179,26
DA:180,13
DA:181,13
DA:182,13
DA:186,13
DA:187,13
DA:188,13
DA:192,9
DA:193,1
DA:194,1
DA:197,8
DA:199,9
DA:200,9
DA:201,8
DA:203,9
DA:206,9
DA:207,9
DA:208,4
DA:209,4
DA:210,3
DA:213,9
LF:53
LH:53
BRDA:39,1,0,35
BRDA:39,1,1,3
BRDA:48,2,0,5
BRDA:48,2,1,5
BRDA:56,3,0,2
BRDA:56,3,1,36
BRDA:106,4,0,8
BRDA:106,4,1,24
BRDA:108,5,0,12
BRDA:108,5,1,15
BRDA:108,6,0,27
BRDA:108,6,1,13
BRDA:119,7,0,7
BRDA:119,7,1,17
BRDA:126,8,0,11
BRDA:126,8,1,13
BRDA:152,9,0,2
BRDA:152,9,1,0
BRDA:175,10,0,6
BRDA:175,10,1,3
BRDA:179,11,0,13
BRDA:179,11,1,13
BRDA:187,12,0,13
BRDA:187,12,1,0
BRDA:192,13,0,1
BRDA:192,13,1,8
BRDA:192,14,0,9
BRDA:192,14,1,1
BRDA:200,15,0,8
BRDA:200,15,1,1
BRDA:209,16,0,3
BRDA:209,16,1,1
BRF:32
BRH:30
end_of_record
TN:
SF:/Users/kitsonk/github/dojo/cldr/monetary.js
FN:1,(anonymous_1)
FN:12,(anonymous_2)
FNF:2
FNH:2
FNDA:1,(anonymous_1)
FNDA:21,(anonymous_2)
DA:1,1
DA:6,1
DA:10,1
DA:12,1
DA:20,21
DA:30,21
DA:32,21
DA:33,21
DA:34,21
DA:36,21
DA:39,1
LF:11
LH:11
BRDA:33,1,0,19
BRDA:33,1,1,2
BRDA:34,2,0,21
BRDA:34,2,1,0
BRF:4
BRH:3
end_of_record
TN:
SF:/Users/kitsonk/github/dojo/Evented.js
FN:1,(anonymous_1)
FN:7,Evented
FN:24,(anonymous_3)
FN:25,(anonymous_4)
FN:29,(anonymous_5)
FNF:5
FNH:5
FNDA:52,(anonymous_1)
FNDA:137,Evented
FNDA:1137,(anonymous_3)
FNDA:1141,(anonymous_4)
FNDA:626,(anonymous_5)
DA:1,52
DA:6,52
DA:7,52
DA:23,52
DA:25,1137
DA:26,1141
DA:30,626
DA:31,626
DA:32,626
DA:35,52
LF:10
LH:10
BRF:0
BRH:0
end_of_record
TN:
SF:/Users/kitsonk/github/dojo/errors/CancelError.js
FN:1,(anonymous_1)
FNF:1
FNH:1
FNDA:22,(anonymous_1)
DA:1,22
DA:12,22
LF:2
LH:2
BRF:0
BRH:0
end_of_record
TN:
SF:/Users/kitsonk/github/dojo/cache.js
FN:1,(anonymous_1)
FNF:1
FNH:1
FNDA:1,(anonymous_1)
DA:1,1
DA:6,1
LF:2
LH:2
BRF:0
BRH:0
end_of_record
TN:
SF:/Users/kitsonk/github/dojo/promise/Promise.js
FN:3,(anonymous_1)
FN:9,throwAbstract
FN:13,Promise
FN:20,(anonymous_4)
FN:42,(anonymous_5)
FN:63,(anonymous_6)
FN:71,(anonymous_7)
FN:79,(anonymous_8)
FN:87,(anonymous_9)
FN:95,(anonymous_10)
FN:107,(anonymous_11)
FN:118,(anonymous_12)
FN:122,(anonymous_13)
FN:126,(anonymous_14)
FNF:14
FNH:4
FNDA:22,(anonymous_1)
FNDA:0,throwAbstract
FNDA:1856,Promise
FNDA:0,(anonymous_4)
FNDA:0,(anonymous_5)
FNDA:0,(anonymous_6)
FNDA:0,(anonymous_7)
FNDA:0,(anonymous_8)
FNDA:0,(anonymous_9)
FNDA:46,(anonymous_10)
FNDA:196,(anonymous_11)
FNDA:0,(anonymous_12)
FNDA:0,(anonymous_13)
FNDA:0,(anonymous_14)
DA:1,22
DA:9,22
DA:10,0
DA:13,22
DA:39,0
DA:60,0
DA:68,0
DA:76,0
DA:84,0
DA:92,0
DA:104,46
DA:115,196
DA:119,0
DA:123,0
DA:130,0
LF:15
LH:5
BRF:0
BRH:0
end_of_record
TN:
SF:/Users/kitsonk/github/dojo/Deferred.js
FN:7,(anonymous_1)
FN:18,(anonymous_2)
FN:20,(anonymous_3)
FN:32,(anonymous_4)
FN:68,(anonymous_5)
FN:69,(anonymous_6)
FN:74,(anonymous_7)
FN:90,(anonymous_8)
FN:119,(anonymous_9)
FN:127,(anonymous_10)
FN:135,(anonymous_11)
FN:143,(anonymous_12)
FN:151,(anonymous_13)
FN:176,(anonymous_14)
FN:202,(anonymous_15)
FN:229,(anonymous_16)
FN:252,(anonymous_17)
FN:265,(anonymous_18)
FN:308,(anonymous_19)
FNF:19
FNH:17
FNDA:22,(anonymous_1)
FNDA:0,(anonymous_2)
FNDA:2029,(anonymous_3)
FNDA:1570,(anonymous_4)
FNDA:477,(anonymous_5)
FNDA:159,(anonymous_6)
FNDA:1560,(anonymous_7)
FNDA:1698,(anonymous_8)
FNDA:7,(anonymous_9)
FNDA:6,(anonymous_10)
FNDA:1554,(anonymous_11)
FNDA:2643,(anonymous_12)
FNDA:403,(anonymous_13)
FNDA:1509,(anonymous_14)
FNDA:129,(anonymous_15)
FNDA:1255,(anonymous_16)
FNDA:22,(anonymous_17)
FNDA:56,(anonymous_18)
FNDA:0,(anonymous_19)
DA:1,22
DA:13,22
DA:16,22
DA:18,22
DA:20,22
DA:21,2029
DA:22,2029
DA:23,0
DA:27,2029
DA:28,1098
DA:32,22
DA:33,1570
DA:34,1570
DA:35,1570
DA:36,1037
DA:37,1037
DA:38,1020
DA:39,24
DA:40,14
DA:43,996
DA:44,159
DA:45,159
DA:50,159
DA:52,837
DA:55,17
DA:58,533
DA:61,1411
DA:62,1411
DA:63,5
DA:68,22
DA:69,477
DA:70,159
DA:74,22
DA:75,1560
DA:76,1560
DA:78,334
DA:79,334
DA:81,1165
DA:82,1165
DA:84,61
DA:85,61
DA:90,22
DA:107,1698
DA:109,1698
DA:110,1698
DA:111,1698
DA:112,1698
DA:114,1698
DA:115,0
DA:116,0
DA:119,1698
DA:124,7
DA:127,1698
DA:132,6
DA:135,1698
DA:140,1554
DA:143,1698
DA:148,2643
DA:151,1698
DA:166,403
DA:167,401
DA:168,401
DA:169,2
DA:170,1
DA:172,1
DA:176,1698
DA:189,1509
DA:192,1504
DA:193,1504
DA:194,1504
DA:195,5
DA:196,1
DA:198,4
DA:202,1698
DA:215,129
DA:216,124
DA:217,0
DA:219,124
DA:220,124
DA:221,124
DA:222,5
DA:223,1
DA:225,4
DA:229,1698
DA:248,1255
DA:251,1255
DA:252,1255
DA:255,22
DA:257,1255
DA:258,472
DA:260,783
DA:262,1255
DA:265,1698
DA:283,56
DA:285,53
DA:286,51
DA:287,51
DA:289,53
DA:290,53
DA:292,24
DA:293,9
DA:295,24
DA:296,24
DA:297,29
DA:298,14
DA:300,3
DA:301,1
DA:305,1698
DA:308,22
DA:312,0
DA:315,22
DA:316,22
DA:319,22
LF:113
LH:108
BRDA:18,1,0,22
BRDA:18,1,1,0
BRDA:21,2,0,2029
BRDA:21,2,1,0
BRDA:22,3,0,0
BRDA:22,3,1,2029
BRDA:22,4,0,2029
BRDA:22,4,1,124
BRDA:22,4,2,5
BRDA:35,5,0,1037
BRDA:35,5,1,533
BRDA:38,6,0,24
BRDA:38,6,1,996
BRDA:39,7,0,14
BRDA:39,7,1,10
BRDA:43,8,0,159
BRDA:43,8,1,837
BRDA:43,9,0,996
BRDA:43,9,1,430
BRDA:61,10,0,1411
BRDA:61,10,1,0
BRDA:62,11,0,5
BRDA:62,11,1,1406
BRDA:62,12,0,1411
BRDA:62,12,1,129
BRDA:75,13,0,1560
BRDA:75,13,1,0
BRDA:76,14,0,334
BRDA:76,14,1,1165
BRDA:76,14,2,61
BRDA:114,15,0,0
BRDA:114,15,1,1698
BRDA:114,16,0,1698
BRDA:114,16,1,1698
BRDA:166,17,0,401
BRDA:166,17,1,2
BRDA:169,18,0,1
BRDA:169,18,1,1
BRDA:189,19,0,1504
BRDA:189,19,1,5
BRDA:195,20,0,1
BRDA:195,20,1,4
BRDA:215,21,0,124
BRDA:215,21,1,5
BRDA:216,22,0,0
BRDA:216,22,1,124
BRDA:216,23,0,124
BRDA:216,23,1,124
BRDA:222,24,0,1
BRDA:222,24,1,4
BRDA:255,25,0,22
BRDA:255,25,1,22
BRDA:257,26,0,472
BRDA:257,26,1,783
BRDA:257,27,0,1255
BRDA:257,27,1,472
BRDA:283,28,0,53
BRDA:283,28,1,3
BRDA:285,29,0,51
BRDA:285,29,1,2
BRDA:287,30,0,26
BRDA:287,30,1,25
BRDA:290,31,0,24
BRDA:290,31,1,29
BRDA:292,32,0,9
BRDA:292,32,1,15
BRDA:297,33,0,14
BRDA:297,33,1,15
BRDA:297,34,0,29
BRDA:297,34,1,20
BRDA:300,35,0,1
BRDA:300,35,1,2
BRDA:315,36,0,22
BRDA:315,36,1,0
BRF:74
BRH:66
end_of_record
TN:
SF:/Users/kitsonk/github/dojo/cldr/supplemental.js
FN:1,(anonymous_1)
FN:13,(anonymous_2)
FN:37,(anonymous_3)
FN:97,(anonymous_4)
FNF:4
FNH:4
FNDA:1,(anonymous_1)
FNDA:3,(anonymous_2)
FNDA:12,(anonymous_3)
FNDA:9,(anonymous_4)
DA:1,1
DA:7,1
DA:11,1
DA:13,1
DA:21,3
DA:32,3
DA:33,3
DA:34,3
DA:37,1
DA:38,12
DA:39,12
DA:40,12
DA:41,12
DA:44,3
DA:89,9
DA:92,0
DA:94,12
DA:97,1
DA:106,9
DA:121,9
DA:122,9
DA:123,9
DA:126,1
LF:23
LH:22
BRDA:34,1,0,2
BRDA:34,1,1,1
BRDA:41,2,0,3
BRDA:41,2,1,9
BRDA:89,3,0,0
BRDA:89,3,1,9
BRDA:121,4,0,7
BRDA:121,4,1,2
BRDA:122,5,0,7
BRDA:122,5,1,2
BRF:10
BRH:9
end_of_record
TN:
SF:/Users/kitsonk/github/dojo/aspect.js
FN:1,(anonymous_1)
FN:8,advise
FN:13,(anonymous_3)
FN:17,(anonymous_4)
FN:22,(anonymous_5)
FN:31,(anonymous_6)
FN:76,aspect
FN:77,(anonymous_8)
FN:81,(anonymous_9)
FN:113,(anonymous_10)
FNF:10
FNH:10
FNDA:61,(anonymous_1)
FNDA:2747,advise
FNDA:34,(anonymous_3)
FNDA:1,(anonymous_4)
FNDA:35,(anonymous_5)
FNDA:1217,(anonymous_6)
FNDA:183,aspect
FNDA:2747,(anonymous_8)
FNDA:3162,(anonymous_9)
FNDA:667,(anonymous_10)
DA:1,61
DA:7,61
DA:8,61
DA:9,2747
DA:10,2747
DA:11,2747
DA:12,2747
DA:13,16
DA:14,34
DA:16,16
DA:18,1
DA:19,1
DA:23,35
DA:30,2731
DA:32,1217
DA:33,1211
DA:34,1211
DA:35,1211
DA:36,126
DA:38,1085
DA:39,1052
DA:41,33
DA:43,1085
DA:44,1053
DA:49,1211
DA:57,2747
DA:58,2128
DA:61,2124
DA:62,2124
DA:63,2124
DA:64,4
DA:66,4
DA:67,4
DA:68,4
DA:72,619
DA:74,2747
DA:76,61
DA:77,183
DA:78,2747
DA:79,2747
DA:81,578
DA:82,3162
DA:84,3162
DA:85,3162
DA:86,3162
DA:87,15
DA:88,14
DA:90,15
DA:93,3162
DA:94,667
DA:97,3162
DA:98,3162
DA:99,3870
DA:100,3869
DA:101,3010
DA:103,3010
DA:105,859
DA:108,3870
DA:110,3162
DA:112,578
DA:113,111
DA:114,667
DA:117,578
DA:118,578
DA:120,2747
DA:121,2747
DA:122,2747
DA:128,61
DA:154,61
DA:175,61
DA:207,61
LF:71
LH:71
BRDA:12,1,0,16
BRDA:12,1,1,2731
BRDA:18,2,0,1
BRDA:18,2,1,0
BRDA:23,3,0,34
BRDA:23,3,1,1
BRDA:32,4,0,1211
BRDA:32,4,1,6
BRDA:35,5,0,126
BRDA:35,5,1,1085
BRDA:35,6,0,1211
BRDA:35,6,1,158
BRDA:38,7,0,1052
BRDA:38,7,1,33
BRDA:43,8,0,1053
BRDA:43,8,1,32
BRDA:57,9,0,2128
BRDA:57,9,1,619
BRDA:57,10,0,2747
BRDA:57,10,1,2144
BRDA:58,11,0,2124
BRDA:58,11,1,4
BRDA:61,12,0,999150
BRDA:61,12,1,997026
BRDA:64,13,0,4
BRDA:64,13,1,0
BRDA:79,14,0,578
BRDA:79,14,1,2169
BRDA:79,15,0,2747
BRDA:79,15,1,2280
BRDA:87,16,0,14
BRDA:87,16,1,1
BRDA:88,17,0,14
BRDA:88,17,1,6
BRDA:93,18,0,667
BRDA:93,18,1,2495
BRDA:98,19,0,7032
BRDA:98,19,1,3878
BRDA:99,20,0,3869
BRDA:99,20,1,1
BRDA:100,21,0,3010
BRDA:100,21,1,859
BRDA:103,22,0,1475
BRDA:103,22,1,1535
BRDA:112,23,0,111
BRDA:112,23,1,467
BRDA:118,24,0,578
BRDA:118,24,1,578
BRDA:120,25,0,2747
BRDA:120,25,1,2169
BRF:50
BRH:48
end_of_record
TN:
SF:/Users/kitsonk/github/dojo/_base/Color.js
FN:1,(anonymous_1)
FN:3,(anonymous_2)
FN:57,(anonymous_3)
FN:60,(anonymous_4)
FN:81,(anonymous_5)
FN:89,(anonymous_6)
FN:100,(anonymous_7)
FN:107,(anonymous_8)
FN:114,(anonymous_9)
FN:120,(anonymous_10)
FN:131,(anonymous_11)
FN:138,(anonymous_12)
FN:148,(anonymous_13)
FN:155,(anonymous_14)
FN:167,(anonymous_15)
FN:188,(anonymous_16)
FN:197,(anonymous_17)
FN:213,(anonymous_18)
FNF:18
FNH:12
FNDA:31,(anonymous_1)
FNDA:71,(anonymous_2)
FNDA:63,(anonymous_3)
FNDA:66,(anonymous_4)
FNDA:2,(anonymous_5)
FNDA:0,(anonymous_6)
FNDA:78,(anonymous_7)
FNDA:0,(anonymous_8)
FNDA:0,(anonymous_9)
FNDA:0,(anonymous_10)
FNDA:0,(anonymous_11)
FNDA:1,(anonymous_12)
FNDA:4,(anonymous_13)
FNDA:0,(anonymous_14)
FNDA:7,(anonymous_15)
FNDA:21,(anonymous_16)
FNDA:60,(anonymous_17)
FNDA:51,(anonymous_18)
DA:1,31
DA:3,31
DA:27,71
DA:33,31
DA:55,31
DA:58,63
DA:71,66
DA:72,49
DA:73,17
DA:74,14
DA:76,3
DA:77,3
DA:79,66
DA:87,2
DA:97,0
DA:98,0
DA:104,78
DA:105,78
DA:114,0
DA:115,0
DA:116,0
DA:118,0
DA:128,0
DA:129,0
DA:134,0
DA:138,31
DA:147,1
DA:148,1
DA:149,4
DA:150,4
DA:152,1
DA:155,31
DA:163,0
DA:164,0
DA:167,31
DA:181,7
DA:184,7
DA:185,7
DA:186,0
DA:188,7
DA:189,21
DA:190,21
DA:191,21
DA:193,7
DA:194,7
DA:197,31
DA:207,60
DA:208,60
DA:209,60
DA:210,60
DA:213,31
DA:224,51
DA:225,51
DA:228,31
LF:54
LH:42
BRDA:27,1,0,66
BRDA:27,1,1,5
BRDA:52,2,0,31
BRDA:52,2,1,31
BRDA:71,3,0,49
BRDA:71,3,1,17
BRDA:73,4,0,14
BRDA:73,4,1,3
BRDA:77,5,0,0
BRDA:77,5,1,3
BRDA:116,6,0,0
BRDA:116,6,1,0
BRDA:129,7,0,0
BRDA:129,7,1,0
BRDA:147,8,0,1
BRDA:147,8,1,1
BRDA:150,9,0,3
BRDA:150,9,1,1
BRDA:164,10,0,0
BRDA:164,10,1,0
BRDA:181,11,0,7
BRDA:181,11,1,0
BRDA:182,12,0,2
BRDA:182,12,1,5
BRDA:185,13,0,0
BRDA:185,13,1,7
BRDA:191,14,0,6
BRDA:191,14,1,15
BRDA:207,15,0,60
BRDA:207,15,1,4
BRDA:209,16,0,36
BRDA:209,16,1,24
BRDA:225,17,0,51
BRDA:225,17,1,24
BRDA:225,17,2,27
BRDA:225,17,3,7
BRF:36
BRH:27
end_of_record
TN:
SF:/Users/kitsonk/github/dojo/fx/easing.js
FN:1,(anonymous_1)
FN:35,(anonymous_2)
FN:41,(anonymous_3)
FN:45,(anonymous_4)
FN:49,(anonymous_5)
FN:55,(anonymous_6)
FN:59,(anonymous_7)
FN:63,(anonymous_8)
FN:70,(anonymous_9)
FN:74,(anonymous_10)
FN:78,(anonymous_11)
FN:85,(anonymous_12)
FN:89,(anonymous_13)
FN:93,(anonymous_14)
FN:100,(anonymous_15)
FN:104,(anonymous_16)
FN:108,(anonymous_17)
FN:112,(anonymous_18)
FN:116,(anonymous_19)
FN:120,(anonymous_20)
FN:129,(anonymous_21)
FN:133,(anonymous_22)
FN:138,(anonymous_23)
FN:145,(anonymous_24)
FN:156,(anonymous_25)
FN:170,(anonymous_26)
FN:184,(anonymous_27)
FN:199,(anonymous_28)
FN:215,(anonymous_29)
FN:238,(anonymous_30)
FN:244,(anonymous_31)
FN:265,(anonymous_32)
FNF:32
FNH:32
FNDA:22,(anonymous_1)
FNDA:1,(anonymous_2)
FNDA:1,(anonymous_3)
FNDA:1,(anonymous_4)
FNDA:1,(anonymous_5)
FNDA:1,(anonymous_6)
FNDA:1,(anonymous_7)
FNDA:1,(anonymous_8)
FNDA:1,(anonymous_9)
FNDA:1,(anonymous_10)
FNDA:1,(anonymous_11)
FNDA:1,(anonymous_12)
FNDA:1,(anonymous_13)
FNDA:1,(anonymous_14)
FNDA:1,(anonymous_15)
FNDA:1,(anonymous_16)
FNDA:1,(anonymous_17)
FNDA:1,(anonymous_18)
FNDA:1,(anonymous_19)
FNDA:1,(anonymous_20)
FNDA:1,(anonymous_21)
FNDA:1,(anonymous_22)
FNDA:1,(anonymous_23)
FNDA:1,(anonymous_24)
FNDA:1,(anonymous_25)
FNDA:1,(anonymous_26)
FNDA:1,(anonymous_27)
FNDA:1,(anonymous_28)
FNDA:1,(anonymous_29)
FNDA:1,(anonymous_30)
FNDA:3,(anonymous_31)
FNDA:1,(anonymous_32)
DA:1,22
DA:6,22
DA:38,1
DA:42,1
DA:46,1
DA:50,1
DA:51,1
DA:52,1
DA:56,1
DA:60,1
DA:64,1
DA:65,1
DA:66,1
DA:67,1
DA:71,1
DA:75,1
DA:79,1
DA:80,1
DA:81,1
DA:82,1
DA:86,1
DA:90,1
DA:94,1
DA:95,1
DA:96,1
DA:97,1
DA:101,1
DA:105,1
DA:109,1
DA:113,1
DA:117,1
DA:121,1
DA:122,1
DA:123,1
DA:124,1
DA:125,1
DA:126,1
DA:130,1
DA:134,1
DA:135,1
DA:139,1
DA:140,1
DA:141,1
DA:142,1
DA:152,1
DA:153,1
DA:165,1
DA:166,1
DA:167,1
DA:177,1
DA:178,1
DA:179,1
DA:180,1
DA:181,1
DA:192,1
DA:193,1
DA:194,1
DA:195,1
DA:196,1
DA:209,1
DA:210,1
DA:211,1
DA:212,1
DA:225,1
DA:226,1
DA:227,1
DA:228,1
DA:229,1
DA:230,1
DA:231,0
DA:232,0
DA:234,1
DA:235,1
DA:241,1
DA:247,3
DA:248,3
DA:249,3
DA:250,3
DA:251,1
DA:252,2
DA:253,2
DA:254,2
DA:255,0
DA:256,0
DA:257,0
DA:259,0
DA:260,0
DA:262,3
DA:268,1
DA:269,1
DA:273,22
DA:275,22
LF:92
LH:85
BRDA:51,1,0,0
BRDA:51,1,1,1
BRDA:65,2,0,0
BRDA:65,2,1,1
BRDA:80,3,0,0
BRDA:80,3,1,1
BRDA:95,4,0,0
BRDA:95,4,1,1
BRDA:113,5,0,0
BRDA:113,5,1,1
BRDA:117,6,0,0
BRDA:117,6,1,1
BRDA:121,7,0,0
BRDA:121,7,1,1
BRDA:122,8,0,0
BRDA:122,8,1,1
BRDA:124,9,0,0
BRDA:124,9,1,1
BRDA:140,10,0,0
BRDA:140,10,1,1
BRDA:179,11,0,0
BRDA:179,11,1,1
BRDA:192,12,0,0
BRDA:192,12,1,1
BRDA:192,13,0,1
BRDA:192,13,1,1
BRDA:209,14,0,0
BRDA:209,14,1,1
BRDA:209,15,0,1
BRDA:209,15,1,1
BRDA:225,16,0,0
BRDA:225,16,1,1
BRDA:227,17,0,0
BRDA:227,17,1,1
BRDA:230,18,0,0
BRDA:230,18,1,1
BRDA:250,19,0,1
BRDA:250,19,1,2
BRDA:252,20,0,2
BRDA:252,20,1,0
BRDA:255,21,0,0
BRDA:255,21,1,0
BRDA:268,22,0,0
BRDA:268,22,1,1
BRF:44
BRH:24
end_of_record
TN:
SF:/Users/kitsonk/github/dojo/colors.js
FN:1,(anonymous_1)
FN:18,(anonymous_2)
FN:28,(anonymous_3)
FN:41,(anonymous_4)
FN:71,(anonymous_5)
FN:79,(anonymous_6)
FN:90,(anonymous_7)
FNF:7
FNH:7
FNDA:1,(anonymous_1)
FNDA:24,(anonymous_2)
FNDA:27,(anonymous_3)
FNDA:14,(anonymous_4)
FNDA:236,(anonymous_5)
FNDA:59,(anonymous_6)
FNDA:2,(anonymous_7)
DA:1,1
DA:12,1
DA:13,1
DA:18,1
DA:19,24
DA:20,24
DA:21,24
DA:22,24
DA:23,17
DA:24,9
DA:25,9
DA:28,1
DA:34,27
DA:35,27
DA:36,20
DA:37,20
DA:38,12
DA:39,12
DA:41,4
DA:42,14
DA:44,4
DA:45,4
DA:47,8
DA:49,8
DA:51,8
DA:58,8
DA:64,8
DA:65,8
DA:68,7
DA:71,1
DA:75,236
DA:76,236
DA:79,1
DA:82,59
DA:83,59
DA:84,59
DA:85,59
DA:86,59
DA:87,59
DA:90,1
DA:93,2
DA:97,1
DA:231,1
LF:43
LH:43
BRDA:19,1,0,2
BRDA:19,1,1,22
BRDA:20,2,0,0
BRDA:20,2,1,24
BRDA:22,3,0,7
BRDA:22,3,1,17
BRDA:23,4,0,8
BRDA:23,4,1,9
BRDA:24,5,0,0
BRDA:24,5,1,9
BRDA:35,6,0,20
BRDA:35,6,1,7
BRDA:37,7,0,12
BRDA:37,7,1,8
BRDA:37,8,0,20
BRDA:37,8,1,7
BRDA:37,8,2,13
BRDA:37,8,3,5
BRDA:39,9,0,4
BRDA:39,9,1,8
BRDA:44,10,0,2
BRDA:44,10,1,2
BRDA:49,11,0,8
BRDA:49,11,1,0
BRDA:49,12,0,8
BRDA:49,12,1,5
BRDA:49,12,2,3
BRDA:49,12,3,3
BRDA:56,13,0,7
BRDA:56,13,1,1
BRDA:64,14,0,3
BRDA:64,14,1,5
BRDA:76,15,0,0
BRDA:76,15,1,236
BRDA:76,16,0,1
BRDA:76,16,1,235
BRDA:76,17,0,11
BRDA:76,17,1,224
BRF:38
BRH:34
end_of_record
TN:
SF:/Users/kitsonk/github/dojo/debounce.js
FN:1,(anonymous_1)
FN:7,(anonymous_2)
FN:20,(anonymous_3)
FN:26,(anonymous_4)
FNF:4
FNH:4
FNDA:1,(anonymous_1)
FNDA:6,(anonymous_2)
FNDA:30,(anonymous_3)
FNDA:7,(anonymous_4)
DA:1,1
DA:7,1
DA:19,6
DA:20,6
DA:21,30
DA:22,24
DA:24,30
DA:25,30
DA:26,30
DA:27,7
LF:10
LH:10
BRDA:21,1,0,24
BRDA:21,1,1,6
BRF:2
BRH:2
end_of_record
TN:
SF:/Users/kitsonk/github/dojo/currency.js
FN:8,(anonymous_1)
FN:27,(anonymous_2)
FN:38,(anonymous_3)
FN:67,(anonymous_4)
FN:83,(anonymous_5)
FN:113,(anonymous_6)
FNF:6
FNH:5
FNDA:1,(anonymous_1)
FNDA:19,(anonymous_2)
FNDA:76,(anonymous_3)
FNDA:10,(anonymous_4)
FNDA:0,(anonymous_5)
FNDA:9,(anonymous_6)
DA:1,1
DA:13,1
DA:25,1
DA:27,1
DA:28,19
DA:29,19
DA:32,19
DA:35,19
DA:36,19
DA:38,19
DA:39,76
DA:42,19
DA:45,19
DA:67,1
DA:80,10
DA:83,1
DA:91,0
DA:113,1
DA:126,9
DA:129,1
LF:20
LH:19
BRDA:28,1,0,19
BRDA:28,1,1,0
BRDA:32,2,0,19
BRDA:32,2,1,0
BRF:4
BRH:2
end_of_record
TN:
SF:/Users/kitsonk/github/dojo/keys.js
FN:1,(anonymous_1)
FNF:1
FNH:1
FNDA:34,(anonymous_1)
DA:1,34
DA:6,34
LF:2
LH:2
BRDA:18,1,0,1
BRDA:18,1,1,33
BRDA:75,2,0,2
BRDA:75,2,1,32
BRDA:75,3,0,34
BRDA:75,3,1,3
BRDA:75,4,0,1
BRDA:75,4,1,1
BRF:8
BRH:8
end_of_record
TN:
SF:/Users/kitsonk/github/dojo/date.js
FN:1,(anonymous_1)
FN:10,(anonymous_2)
FN:19,(anonymous_3)
FN:34,(anonymous_4)
FN:80,(anonymous_5)
FN:113,(anonymous_6)
FN:206,(anonymous_7)
FNF:7
FNH:7
FNDA:1,(anonymous_1)
FNDA:18,(anonymous_2)
FNDA:14,(anonymous_3)
FNDA:8,(anonymous_4)
FNDA:5,(anonymous_5)
FNDA:37,(anonymous_6)
FNDA:117,(anonymous_7)
DA:1,1
DA:5,1
DA:10,1
DA:13,18
DA:14,18
DA:15,18
DA:16,15
DA:19,1
DA:29,14
DA:30,14
DA:34,1
DA:45,8
DA:46,8
DA:47,8
DA:50,8
DA:51,8
DA:52,3
DA:58,5
DA:59,5
DA:60,2
DA:64,3
DA:67,3
DA:68,3
DA:69,1
DA:75,8
DA:80,1
DA:95,5
DA:96,5
DA:98,5
DA:100,2
DA:101,2
DA:102,3
DA:104,1
DA:105,1
DA:108,5
DA:109,3
DA:110,1
DA:113,1
DA:125,37
DA:126,37
DA:127,37
DA:129,37
DA:131,8
DA:139,8
DA:140,8
DA:141,8
DA:142,3
DA:143,3
DA:145,5
DA:146,5
DA:149,8
DA:152,8
DA:153,8
DA:154,1
DA:155,7
DA:158,2
DA:161,8
DA:163,8
DA:164,1
DA:168,8
DA:169,8
DA:171,6
DA:173,6
DA:174,6
DA:176,1
DA:177,1
DA:180,3
DA:184,6
DA:185,6
DA:186,6
DA:192,8
DA:195,37
DA:196,37
DA:199,37
DA:200,5
DA:203,37
DA:206,1
DA:222,117
DA:223,117
DA:224,117
DA:225,117
DA:227,117
DA:229,2
DA:230,2
DA:232,2
DA:233,2
DA:235,2
DA:236,2
DA:237,2
DA:239,21
DA:240,21
DA:241,21
DA:244,21
DA:245,6
DA:248,15
DA:249,15
DA:250,15
DA:252,15
DA:253,15
DA:256,15
DA:257,15
DA:258,15
DA:261,15
DA:262,8
DA:265,2
DA:266,2
DA:269,1
DA:270,1
DA:273,0
DA:274,0
DA:277,1
DA:278,1
DA:281,1
DA:283,7
DA:284,7
DA:287,1
DA:288,1
DA:291,1
DA:292,1
DA:295,1
DA:296,1
DA:299,1
DA:300,1
DA:303,1
DA:306,15
DA:307,15
DA:309,21
DA:310,21
DA:312,2
DA:313,2
DA:315,2
DA:316,2
DA:320,24
DA:321,24
DA:323,59
DA:326,61
DA:329,63
DA:332,64
DA:335,66
DA:339,117
DA:343,1
DA:345,1
LF:142
LH:140
BRDA:15,1,0,3
BRDA:15,1,1,15
BRDA:15,2,0,18
BRDA:15,2,1,7
BRDA:30,3,0,14
BRDA:30,3,1,10
BRDA:30,3,2,8
BRDA:51,4,0,3
BRDA:51,4,1,5
BRDA:59,5,0,2
BRDA:59,5,1,3
BRDA:68,6,0,1
BRDA:68,6,1,2
BRDA:75,7,0,0
BRDA:75,7,1,8
BRDA:75,8,0,8
BRDA:75,8,1,8
BRDA:96,9,0,5
BRDA:96,9,1,0
BRDA:98,10,0,2
BRDA:98,10,1,3
BRDA:102,11,0,1
BRDA:102,11,1,2
BRDA:108,12,0,2
BRDA:108,12,1,3
BRDA:109,13,0,2
BRDA:109,13,1,1
BRDA:129,14,0,8
BRDA:129,14,1,8
BRDA:129,14,2,6
BRDA:129,14,3,1
BRDA:129,14,4,3
BRDA:129,14,5,6
BRDA:129,14,6,8
BRDA:141,15,0,3
BRDA:141,15,1,5
BRDA:142,16,0,2
BRDA:142,16,1,1
BRDA:143,17,0,2
BRDA:143,17,1,1
BRDA:153,18,0,1
BRDA:153,18,1,7
BRDA:153,19,0,8
BRDA:153,19,1,2
BRDA:155,20,0,2
BRDA:155,20,1,5
BRDA:155,21,0,7
BRDA:155,21,1,5
BRDA:163,22,0,1
BRDA:163,22,1,7
BRDA:163,23,0,8
BRDA:163,23,1,8
BRDA:164,24,0,1
BRDA:164,24,1,0
BRDA:195,25,0,37
BRDA:195,25,1,0
BRDA:199,26,0,5
BRDA:199,26,1,32
BRDA:199,27,0,37
BRDA:199,27,1,12
BRDA:222,28,0,117
BRDA:222,28,1,0
BRDA:223,29,0,117
BRDA:223,29,1,11
BRDA:227,30,0,2
BRDA:227,30,1,21
BRDA:227,30,2,2
BRDA:227,30,3,2
BRDA:227,30,4,24
BRDA:227,30,5,59
BRDA:227,30,6,61
BRDA:227,30,7,63
BRDA:227,30,8,64
BRDA:227,30,9,66
BRDA:244,31,0,6
BRDA:244,31,1,15
BRDA:261,32,0,8
BRDA:261,32,1,7
BRDA:262,33,0,2
BRDA:262,33,1,1
BRDA:262,33,2,0
BRDA:262,33,3,1
BRDA:262,33,4,1
BRDA:283,34,0,7
BRDA:283,34,1,0
BRDA:284,35,0,1
BRDA:284,35,1,1
BRDA:284,35,2,1
BRDA:284,35,3,1
BRDA:284,35,4,1
BRDA:343,36,0,1
BRDA:343,36,1,1
BRF:92
BRH:85
end_of_record
TN:
SF:/Users/kitsonk/github/dojo/date/locale.js
FN:12,(anonymous_1)
FN:32,formatPattern
FN:33,(anonymous_3)
FN:200,(anonymous_4)
FN:222,(anonymous_5)
FN:262,(anonymous_6)
FN:265,(anonymous_7)
FN:272,(anonymous_8)
FN:286,(anonymous_9)
FN:294,(anonymous_10)
FN:329,(anonymous_11)
FN:369,(anonymous_12)
FN:390,(anonymous_13)
FN:498,_processPattern
FN:502,(anonymous_15)
FN:512,(anonymous_16)
FN:523,_buildDateTimeRE
FN:526,(anonymous_18)
FN:606,(anonymous_19)
FN:622,(anonymous_20)
FN:627,(anonymous_21)
FN:636,(anonymous_22)
FN:664,(anonymous_23)
FN:679,(anonymous_24)
FN:685,(anonymous_25)
FNF:25
FNH:23
FNDA:1,(anonymous_1)
FNDA:24,formatPattern
FNDA:79,(anonymous_3)
FNDA:1,(anonymous_4)
FNDA:22,(anonymous_5)
FNDA:2,(anonymous_6)
FNDA:0,(anonymous_7)
FNDA:57,(anonymous_8)
FNDA:10,(anonymous_9)
FNDA:57,(anonymous_10)
FNDA:195,(anonymous_11)
FNDA:156,(anonymous_12)
FNDA:21,(anonymous_13)
FNDA:80,_processPattern
FNDA:90,(anonymous_15)
FNDA:98,(anonymous_16)
FNDA:64,_buildDateTimeRE
FNDA:177,(anonymous_18)
FNDA:1,(anonymous_19)
FNDA:79,(anonymous_20)
FNDA:10,(anonymous_21)
FNDA:0,(anonymous_22)
FNDA:5,(anonymous_23)
FNDA:11,(anonymous_24)
FNDA:7,(anonymous_25)
DA:1,1
DA:17,1
DA:21,1
DA:32,1
DA:33,24
DA:34,79
DA:38,79
DA:40,1
DA:41,1
DA:43,13
DA:44,13
DA:46,8
DA:48,2
DA:49,2
DA:50,2
DA:54,3
DA:56,13
DA:59,0
DA:62,0
DA:66,0
DA:69,13
DA:70,13
DA:71,7
DA:73,6
DA:78,6
DA:80,13
DA:82,0
DA:83,0
DA:84,0
DA:86,13
DA:87,13
DA:89,0
DA:90,0
DA:93,0
DA:94,0
DA:95,0
DA:96,0
DA:100,7
DA:101,7
DA:102,1
DA:104,6
DA:109,6
DA:111,7
DA:113,4
DA:114,4
DA:115,4
DA:120,9
DA:122,9
DA:124,6
DA:125,6
DA:127,1
DA:128,1
DA:130,1
DA:131,1
DA:133,1
DA:134,1
DA:136,9
DA:137,9
DA:139,8
DA:140,8
DA:142,6
DA:143,6
DA:145,4
DA:146,4
DA:150,1
DA:151,1
DA:152,0
DA:155,0
DA:156,0
DA:161,0
DA:162,0
DA:163,0
DA:165,0
DA:166,0
DA:170,0
DA:172,79
DA:173,79
DA:200,1
DA:214,1
DA:215,1
DA:217,0
DA:222,1
DA:241,22
DA:243,22
DA:248,22
DA:249,0
DA:251,22
DA:252,22
DA:253,8
DA:254,8
DA:256,22
DA:257,15
DA:258,15
DA:261,22
DA:262,2
DA:265,1
DA:269,0
DA:272,1
DA:273,57
DA:274,57
DA:280,57
DA:281,47
DA:282,10
DA:283,5
DA:285,5
DA:286,10
DA:289,57
DA:291,57
DA:294,1
DA:317,57
DA:324,57
DA:326,49
DA:330,195
DA:331,146
DA:334,146
DA:336,38
DA:338,1
DA:340,37
DA:341,14
DA:344,14
DA:347,14
DA:350,23
DA:351,2
DA:355,21
DA:358,36
DA:361,40
DA:362,15
DA:365,15
DA:368,13
DA:369,156
DA:371,15
DA:372,15
DA:374,2
DA:377,25
DA:379,38
DA:380,38
DA:384,4
DA:387,4
DA:389,3
DA:390,21
DA:392,4
DA:393,4
DA:395,1
DA:402,3
DA:404,3
DA:407,40
DA:408,40
DA:410,7
DA:412,7
DA:413,3
DA:414,3
DA:415,3
DA:416,3
DA:418,7
DA:420,1
DA:424,6
DA:425,6
DA:427,0
DA:433,10
DA:435,0
DA:440,10
DA:441,10
DA:443,7
DA:444,7
DA:446,0
DA:447,0
DA:449,0
DA:457,140
DA:460,49
DA:461,49
DA:462,0
DA:463,49
DA:464,1
DA:470,49
DA:471,49
DA:472,12
DA:477,49
DA:481,49
DA:484,8
DA:490,41
DA:492,0
DA:495,41
DA:498,1
DA:502,90
DA:503,80
DA:504,80
DA:505,80
DA:509,80
DA:512,80
DA:513,98
DA:514,0
DA:516,98
DA:517,98
DA:520,80
DA:523,1
DA:524,64
DA:525,64
DA:526,64
DA:528,177
DA:532,177
DA:533,40
DA:534,40
DA:536,137
DA:538,177
DA:540,49
DA:541,49
DA:544,49
DA:545,49
DA:547,3
DA:548,3
DA:550,48
DA:551,48
DA:553,0
DA:554,0
DA:558,4
DA:559,4
DA:561,10
DA:562,10
DA:564,0
DA:565,0
DA:567,0
DA:568,0
DA:570,0
DA:571,0
DA:574,7
DA:575,7
DA:577,0
DA:578,0
DA:580,7
DA:582,7
DA:583,7
DA:584,3
DA:585,3
DA:586,3
DA:588,7
DA:589,7
DA:594,0
DA:598,177
DA:600,177
DA:604,1
DA:605,1
DA:606,1
DA:618,1
DA:619,1
DA:622,1
DA:623,79
DA:624,69
DA:626,10
DA:627,10
DA:628,10
DA:629,10
DA:631,10
DA:634,1
DA:636,1
DA:649,0
DA:652,0
DA:653,0
DA:654,0
DA:656,0
DA:658,0
DA:661,0
DA:664,1
DA:668,5
DA:670,5
DA:671,5
DA:672,5
DA:674,5
DA:679,1
DA:682,11
DA:685,1
DA:686,7
DA:688,7
DA:693,7
DA:695,7
DA:698,1
LF:275
LH:225
BRDA:38,1,0,1
BRDA:38,1,1,13
BRDA:38,1,2,0
BRDA:38,1,3,0
BRDA:38,1,4,13
BRDA:38,1,5,13
BRDA:38,1,6,0
BRDA:38,1,7,13
BRDA:38,1,8,0
BRDA:38,1,9,0
BRDA:38,1,10,0
BRDA:38,1,11,7
BRDA:38,1,12,4
BRDA:38,1,13,6
BRDA:38,1,14,7
BRDA:38,1,15,8
BRDA:38,1,16,9
BRDA:38,1,17,8
BRDA:38,1,18,6
BRDA:38,1,19,4
BRDA:38,1,20,0
BRDA:38,1,21,1
BRDA:38,1,22,0
BRDA:38,1,23,0
BRDA:40,2,0,1
BRDA:40,2,1,0
BRDA:40,3,0,0
BRDA:40,3,1,1
BRDA:44,4,0,8
BRDA:44,4,1,2
BRDA:44,4,2,3
BRDA:48,5,0,2
BRDA:48,5,1,0
BRDA:70,6,0,7
BRDA:70,6,1,6
BRDA:75,7,0,0
BRDA:75,7,1,6
BRDA:94,8,0,0
BRDA:94,8,1,0
BRDA:101,9,0,1
BRDA:101,9,1,6
BRDA:106,10,0,0
BRDA:106,10,1,6
BRDA:113,11,0,4
BRDA:113,11,1,0
BRDA:114,12,0,4
BRDA:114,12,1,3
BRDA:122,13,0,6
BRDA:122,13,1,1
BRDA:122,13,2,1
BRDA:122,13,3,1
BRDA:124,14,0,6
BRDA:124,14,1,6
BRDA:133,15,0,1
BRDA:133,15,1,1
BRDA:151,16,0,1
BRDA:151,16,1,0
BRDA:157,17,0,0
BRDA:157,17,1,0
BRDA:161,18,0,0
BRDA:161,18,1,0
BRDA:172,19,0,51
BRDA:172,19,1,28
BRDA:214,20,0,1
BRDA:214,20,1,0
BRDA:241,21,0,22
BRDA:241,21,1,0
BRDA:244,22,0,22
BRDA:244,22,1,10
BRDA:248,23,0,0
BRDA:248,23,1,22
BRDA:249,24,0,0
BRDA:249,24,1,0
BRDA:252,25,0,8
BRDA:252,25,1,14
BRDA:253,26,0,8
BRDA:253,26,1,2
BRDA:254,27,0,8
BRDA:254,27,1,0
BRDA:256,28,0,15
BRDA:256,28,1,7
BRDA:257,29,0,15
BRDA:257,29,1,10
BRDA:258,30,0,15
BRDA:258,30,1,0
BRDA:261,31,0,21
BRDA:261,31,1,1
BRDA:273,32,0,57
BRDA:273,32,1,0
BRDA:276,33,0,57
BRDA:276,33,1,14
BRDA:277,34,0,57
BRDA:277,34,1,48
BRDA:278,35,0,57
BRDA:278,35,1,52
BRDA:280,36,0,47
BRDA:280,36,1,10
BRDA:282,37,0,5
BRDA:282,37,1,5
BRDA:321,38,0,0
BRDA:321,38,1,57
BRDA:322,39,0,57
BRDA:322,39,1,57
BRDA:324,40,0,8
BRDA:324,40,1,49
BRDA:330,41,0,49
BRDA:330,41,1,146
BRDA:334,42,0,38
BRDA:334,42,1,40
BRDA:334,42,2,40
BRDA:334,42,3,4
BRDA:334,42,4,4
BRDA:334,42,5,4
BRDA:334,42,6,3
BRDA:334,42,7,40
BRDA:334,42,8,7
BRDA:334,42,9,0
BRDA:334,42,10,10
BRDA:334,42,11,10
BRDA:334,42,12,10
BRDA:334,42,13,7
BRDA:334,42,14,0
BRDA:334,42,15,0
BRDA:336,43,0,1
BRDA:336,43,1,37
BRDA:336,44,0,38
BRDA:336,44,1,21
BRDA:340,45,0,14
BRDA:340,45,1,23
BRDA:347,46,0,14
BRDA:347,46,1,0
BRDA:350,47,0,2
BRDA:350,47,1,21
BRDA:361,48,0,15
BRDA:361,48,1,25
BRDA:363,49,0,0
BRDA:363,49,1,15
BRDA:365,50,0,13
BRDA:365,50,1,2
BRDA:372,51,0,2
BRDA:372,51,1,13
BRDA:385,52,0,0
BRDA:385,52,1,4
BRDA:387,53,0,3
BRDA:387,53,1,1
BRDA:393,54,0,1
BRDA:393,54,1,3
BRDA:410,55,0,7
BRDA:410,55,1,7
BRDA:411,56,0,7
BRDA:411,56,1,7
BRDA:412,57,0,3
BRDA:412,57,1,4
BRDA:418,58,0,1
BRDA:418,58,1,6
BRDA:418,59,0,7
BRDA:418,59,1,4
BRDA:418,59,2,4
BRDA:424,60,0,5
BRDA:424,60,1,1
BRDA:424,61,0,1
BRDA:424,61,1,0
BRDA:427,62,0,0
BRDA:427,62,1,0
BRDA:433,63,0,0
BRDA:433,63,1,10
BRDA:461,64,0,0
BRDA:461,64,1,49
BRDA:461,65,0,49
BRDA:461,65,1,5
BRDA:463,66,0,1
BRDA:463,66,1,48
BRDA:463,67,0,49
BRDA:463,67,1,1
BRDA:471,68,0,12
BRDA:471,68,1,37
BRDA:481,69,0,8
BRDA:481,69,1,41
BRDA:481,70,0,49
BRDA:481,70,1,43
BRDA:481,70,2,35
BRDA:481,70,3,41
BRDA:481,70,4,32
BRDA:490,71,0,0
BRDA:490,71,1,41
BRDA:490,72,0,41
BRDA:490,72,1,33
BRDA:490,72,2,41
BRDA:490,72,3,32
BRDA:503,73,0,80
BRDA:503,73,1,0
BRDA:504,74,0,80
BRDA:504,74,1,80
BRDA:505,75,0,80
BRDA:505,75,1,80
BRDA:513,76,0,0
BRDA:513,76,1,98
BRDA:516,77,0,10
BRDA:516,77,1,88
BRDA:525,78,0,48
BRDA:525,78,1,16
BRDA:532,79,0,40
BRDA:532,79,1,137
BRDA:533,80,0,16
BRDA:533,80,1,24
BRDA:534,81,0,5
BRDA:534,81,1,35
BRDA:538,82,0,49
BRDA:538,82,1,49
BRDA:538,82,2,49
BRDA:538,82,3,3
BRDA:538,82,4,48
BRDA:538,82,5,0
BRDA:538,82,6,4
BRDA:538,82,7,4
BRDA:538,82,8,4
BRDA:538,82,9,10
BRDA:538,82,10,0
BRDA:538,82,11,0
BRDA:538,82,12,0
BRDA:538,82,13,7
BRDA:538,82,14,7
BRDA:538,82,15,0
BRDA:538,82,16,7
BRDA:538,82,17,0
BRDA:544,83,0,17
BRDA:544,83,1,32
BRDA:580,84,0,7
BRDA:580,84,1,7
BRDA:581,85,0,7
BRDA:581,85,1,7
BRDA:583,86,0,3
BRDA:583,86,1,4
BRDA:584,87,0,3
BRDA:584,87,1,0
BRDA:585,88,0,3
BRDA:585,88,1,0
BRDA:586,89,0,0
BRDA:586,89,1,3
BRDA:598,90,0,177
BRDA:598,90,1,0
BRDA:623,91,0,69
BRDA:623,91,1,10
BRDA:652,92,0,0
BRDA:652,92,1,0
BRDA:656,93,0,0
BRDA:656,93,1,0
BRDA:661,94,0,0
BRDA:661,94,1,0
BRDA:669,95,0,5
BRDA:669,95,1,0
BRDA:670,96,0,5
BRDA:670,96,1,0
BRDA:672,97,0,4
BRDA:672,97,1,1
BRDA:674,98,0,5
BRDA:674,98,1,5
BRDA:686,99,0,4
BRDA:686,99,1,3
BRDA:693,100,0,2
BRDA:693,100,1,5
BRF:261
BRH:198
end_of_record
TN:
SF:/Users/kitsonk/github/dojo/date/stamp.js
FN:1,(anonymous_1)
FN:14,(anonymous_2)
FN:62,(anonymous_3)
FN:64,(anonymous_4)
FN:102,(anonymous_5)
FN:114,(anonymous_6)
FNF:6
FNH:6
FNDA:6,(anonymous_1)
FNDA:22,(anonymous_2)
FNDA:7,(anonymous_3)
FNDA:7,(anonymous_4)
FNDA:2,(anonymous_5)
FNDA:14,(anonymous_6)
DA:1,6
DA:6,6
DA:10,6
DA:14,6
DA:45,22
DA:46,1
DA:51,22
DA:54,22
DA:55,22
DA:56,22
DA:57,22
DA:59,22
DA:61,1
DA:62,1
DA:63,7
DA:65,7
DA:68,22
DA:69,22
DA:70,1
DA:73,22
DA:75,22
DA:76,20
DA:77,20
DA:79,22
DA:80,6
DA:82,22
DA:83,3
DA:87,22
DA:102,6
DA:114,14
DA:115,2
DA:116,2
DA:119,2
DA:120,2
DA:121,2
DA:123,2
DA:124,2
DA:125,2
DA:126,2
DA:127,2
DA:128,0
DA:130,2
DA:131,0
DA:132,2
DA:133,2
DA:134,2
DA:135,2
DA:138,2
DA:140,2
DA:143,6
LF:50
LH:48
BRDA:45,1,0,1
BRDA:45,1,1,21
BRDA:54,2,0,22
BRDA:54,2,1,0
BRDA:56,3,0,16
BRDA:56,3,1,6
BRDA:57,4,0,0
BRDA:57,4,1,22
BRDA:59,5,0,1
BRDA:59,5,1,21
BRDA:65,6,0,7
BRDA:65,6,1,4
BRDA:68,7,0,22
BRDA:68,7,1,5
BRDA:68,8,0,22
BRDA:68,8,1,18
BRDA:68,9,0,22
BRDA:68,9,1,7
BRDA:68,10,0,22
BRDA:68,10,1,13
BRDA:68,11,0,22
BRDA:68,11,1,13
BRDA:68,12,0,22
BRDA:68,12,1,13
BRDA:68,13,0,22
BRDA:68,13,1,22
BRDA:69,14,0,1
BRDA:69,14,1,21
BRDA:70,15,0,1
BRDA:70,15,1,0
BRDA:74,16,0,22
BRDA:74,16,1,6
BRDA:75,17,0,20
BRDA:75,17,1,2
BRDA:76,18,0,20
BRDA:76,18,1,16
BRDA:76,19,0,20
BRDA:76,19,1,20
BRDA:77,20,0,18
BRDA:77,20,1,2
BRDA:79,21,0,6
BRDA:79,21,1,16
BRDA:82,22,0,3
BRDA:82,22,1,19
BRDA:114,23,0,13
BRDA:114,23,1,1
BRDA:115,24,0,2
BRDA:115,24,1,2
BRDA:117,25,0,0
BRDA:117,25,1,2
BRDA:119,26,0,2
BRDA:119,26,1,0
BRDA:124,27,0,2
BRDA:124,27,1,0
BRDA:127,28,0,0
BRDA:127,28,1,2
BRDA:128,29,0,0
BRDA:128,29,1,0
BRDA:130,30,0,0
BRDA:130,30,1,2
BRDA:132,31,0,2
BRDA:132,31,1,0
BRDA:135,32,0,0
BRDA:135,32,1,2
BRF:64
BRH:52
end_of_record
TN:
SF:/Users/kitsonk/github/dojo/_base/kernel.js
FN:1,(anonymous_1)
FN:13,(anonymous_2)
FN:98,(anonymous_3)
FN:142,(anonymous_4)
FN:146,(anonymous_5)
FN:172,(anonymous_6)
FN:174,(anonymous_7)
FN:178,(anonymous_8)
FN:191,(anonymous_9)
FN:193,(anonymous_10)
FN:216,(anonymous_11)
FN:263,(anonymous_12)
FNF:12
FNH:4
FNDA:64,(anonymous_1)
FNDA:64,(anonymous_2)
FNDA:0,(anonymous_3)
FNDA:0,(anonymous_4)
FNDA:0,(anonymous_5)
FNDA:0,(anonymous_6)
FNDA:0,(anonymous_7)
FNDA:0,(anonymous_8)
FNDA:54,(anonymous_9)
FNDA:6,(anonymous_10)
FNDA:0,(anonymous_11)
FNDA:0,(anonymous_12)
DA:1,64
DA:7,64
DA:13,64
DA:39,64
DA:56,64
DA:57,4
DA:59,4
DA:62,0
DA:67,64
DA:68,192
DA:69,192
DA:70,192
DA:71,192
DA:74,64
DA:79,64
DA:80,64
DA:81,64
DA:83,64
DA:84,64
DA:99,0
DA:100,0
DA:108,64
DA:110,64
DA:111,64
DA:141,64
DA:142,0
DA:143,0
DA:146,64
DA:150,64
DA:152,64
DA:158,64
DA:160,64
DA:161,64
DA:163,64
DA:168,64
DA:169,64
DA:170,64
DA:171,1024
DA:172,0
DA:173,0
DA:174,0
DA:175,0
DA:176,0
DA:177,0
DA:179,0
DA:181,1024
DA:182,0
DA:187,64
DA:191,64
DA:192,64
DA:193,62
DA:210,6
DA:211,6
DA:212,6
DA:213,6
DA:216,62
DA:235,0
DA:236,0
DA:237,0
DA:241,64
DA:245,64
DA:248,64
DA:249,0
DA:250,0
DA:251,0
DA:252,0
DA:254,0
DA:258,64
DA:262,64
DA:263,64
DA:292,0
DA:298,0
DA:299,0
DA:300,0
DA:302,0
DA:306,64
DA:308,64
LF:77
LH:51
BRDA:50,1,0,64
BRDA:50,1,1,64
BRDA:57,2,0,4
BRDA:57,2,1,0
BRDA:70,3,0,192
BRDA:70,3,1,0
BRDA:80,4,0,64
BRDA:80,4,1,64
BRDA:97,5,0,0
BRDA:97,5,1,64
BRDA:110,6,0,64
BRDA:110,6,1,0
BRDA:141,7,0,0
BRDA:141,7,1,64
BRDA:150,8,0,64
BRDA:150,8,1,0
BRDA:158,9,0,64
BRDA:158,9,1,0
BRDA:160,10,0,64
BRDA:160,10,1,64
BRDA:160,10,2,64
BRDA:161,11,0,64
BRDA:161,11,1,0
BRDA:171,12,0,0
BRDA:171,12,1,1024
BRDA:174,13,0,0
BRDA:174,13,1,0
BRDA:181,14,0,0
BRDA:181,14,1,1024
BRDA:192,15,0,62
BRDA:192,15,1,2
BRDA:211,16,0,5
BRDA:211,16,1,1
BRDA:212,17,0,5
BRDA:212,17,1,1
BRDA:236,18,0,0
BRDA:236,18,1,0
BRDA:245,19,0,64
BRDA:245,19,1,0
BRDA:248,20,0,0
BRDA:248,20,1,64
BRDA:262,21,0,64
BRDA:262,21,1,0
BRDA:299,22,0,0
BRDA:299,22,1,0
BRDA:300,23,0,0
BRDA:300,23,1,0
BRDA:300,24,0,0
BRDA:300,24,1,0
BRF:49
BRH:26
end_of_record
TN:
SF:/Users/kitsonk/github/dojo/loadInit.js
FN:1,(anonymous_1)
FN:4,(anonymous_2)
FNF:2
FNH:2
FNDA:1,(anonymous_1)
FNDA:1,(anonymous_2)
DA:1,1
DA:2,1
DA:4,1
LF:3
LH:3
BRF:0
BRH:0
end_of_record
TN:
SF:/Users/kitsonk/github/dojo/_base/loader.js
FN:1,(anonymous_1)
FN:18,(anonymous_2)
FN:22,(anonymous_3)
FN:31,(anonymous_4)
FN:33,(anonymous_5)
FN:52,(anonymous_6)
FN:65,(anonymous_7)
FN:68,(anonymous_8)
FN:70,(anonymous_9)
FN:101,(anonymous_10)
FN:115,(anonymous_11)
FN:150,(anonymous_12)
FN:153,(anonymous_13)
FN:158,(anonymous_14)
FN:209,(anonymous_15)
FN:211,(anonymous_16)
FN:227,(anonymous_17)
FN:235,(anonymous_18)
FN:240,(anonymous_19)
FN:255,(anonymous_20)
FN:291,(anonymous_21)
FN:339,(anonymous_22)
FN:363,(anonymous_23)
FN:392,(anonymous_24)
FN:500,(anonymous_25)
FN:508,(anonymous_26)
FN:519,(anonymous_27)
FN:611,doRequire
FN:641,(anonymous_29)
FN:676,(anonymous_30)
FN:680,(anonymous_31)
FN:714,(anonymous_32)
FN:749,(anonymous_33)
FN:762,(anonymous_34)
FN:763,(anonymous_35)
FNF:35
FNH:10
FNDA:3,(anonymous_1)
FNDA:0,(anonymous_2)
FNDA:1,(anonymous_3)
FNDA:2,(anonymous_4)
FNDA:3,(anonymous_5)
FNDA:357,(anonymous_6)
FNDA:27,(anonymous_7)
FNDA:2,(anonymous_8)
FNDA:0,(anonymous_9)
FNDA:0,(anonymous_10)
FNDA:0,(anonymous_11)
FNDA:0,(anonymous_12)
FNDA:0,(anonymous_13)
FNDA:0,(anonymous_14)
FNDA:0,(anonymous_15)
FNDA:0,(anonymous_16)
FNDA:0,(anonymous_17)
FNDA:0,(anonymous_18)
FNDA:0,(anonymous_19)
FNDA:0,(anonymous_20)
FNDA:0,(anonymous_21)
FNDA:0,(anonymous_22)
FNDA:0,(anonymous_23)
FNDA:0,(anonymous_24)
FNDA:0,(anonymous_25)
FNDA:0,(anonymous_26)
FNDA:1,(anonymous_27)
FNDA:1,doRequire
FNDA:1,(anonymous_29)
FNDA:0,(anonymous_30)
FNDA:0,(anonymous_31)
FNDA:0,(anonymous_32)
FNDA:0,(anonymous_33)
FNDA:0,(anonymous_34)
FNDA:0,(anonymous_35)
DA:1,3
DA:10,3
DA:11,0
DA:12,0
DA:15,3
DA:18,3
DA:19,0
DA:23,1
DA:32,2
DA:33,2
DA:34,3
DA:35,3
DA:36,3
DA:38,2
DA:53,357
DA:54,357
DA:55,103511
DA:56,103511
DA:58,601
DA:60,103511
DA:61,330
DA:65,27
DA:66,27
DA:67,27
DA:68,27
DA:100,0
DA:102,0
DA:103,0
DA:104,0
DA:105,0
DA:106,0
DA:107,0
DA:108,0
DA:112,0
DA:115,0
DA:123,0
DA:124,0
DA:125,0
DA:126,0
DA:127,0
DA:128,0
DA:130,0
DA:132,0
DA:134,0
DA:135,0
DA:136,0
DA:138,0
DA:142,0
DA:143,0
DA:144,0
DA:145,0
DA:146,0
DA:150,0
DA:151,0
DA:152,0
DA:153,0
DA:209,0
DA:211,0
DA:213,0
DA:214,0
DA:215,0
DA:217,0
DA:219,0
DA:229,0
DA:230,0
DA:231,0
DA:232,0
DA:236,0
DA:237,0
DA:238,0
DA:242,0
DA:244,0
DA:248,0
DA:249,0
DA:250,0
DA:252,0
DA:256,0
DA:264,0
DA:265,0
DA:266,0
DA:267,0
DA:269,0
DA:271,0
DA:273,0
DA:274,0
DA:278,0
DA:279,0
DA:282,0
DA:283,0
DA:285,0
DA:298,0
DA:301,0
DA:302,0
DA:303,0
DA:304,0
DA:306,0
DA:308,0
DA:309,0
DA:313,0
DA:314,0
DA:318,0
DA:357,0
DA:363,0
DA:366,0
DA:367,0
DA:371,0
DA:372,0
DA:373,0
DA:374,0
DA:375,0
DA:376,0
DA:378,0
DA:380,0
DA:382,0
DA:383,0
DA:385,0
DA:388,0
DA:416,0
DA:417,0
DA:420,0
DA:424,0
DA:429,0
DA:430,0
DA:431,0
DA:436,0
DA:498,3
DA:500,3
DA:501,0
DA:506,0
DA:507,0
DA:508,0
DA:509,0
DA:510,0
DA:511,0
DA:514,0
DA:517,3
DA:519,3
DA:611,3
DA:612,1
DA:613,1
DA:616,0
DA:617,0
DA:621,1
DA:622,0
DA:624,1
DA:627,1
DA:632,1
DA:634,1
DA:637,1
DA:641,1
DA:642,1
DA:645,1
DA:646,1
DA:649,0
DA:653,0
DA:655,0
DA:658,0
DA:663,0
DA:666,0
DA:669,1
DA:670,1
DA:671,0
DA:673,1
DA:676,3
DA:677,0
DA:680,3
DA:709,0
DA:710,0
DA:711,0
DA:714,3
DA:738,0
DA:740,0
DA:741,0
DA:742,0
DA:744,0
DA:749,3
DA:757,0
DA:758,0
DA:762,3
DA:763,0
DA:764,0
DA:768,3
LF:182
LH:48
BRDA:10,1,0,0
BRDA:10,1,1,3
BRDA:41,2,0,3
BRDA:41,2,1,0
BRDA:56,3,0,601
BRDA:56,3,1,102910
BRDA:58,4,0,2
BRDA:58,4,1,599
BRDA:58,5,0,601
BRDA:58,5,1,601
BRDA:60,6,0,330
BRDA:60,6,1,103181
BRDA:60,7,0,103511
BRDA:60,7,1,33641
BRDA:60,7,2,33632
BRDA:105,8,0,0
BRDA:105,8,1,0
BRDA:106,9,0,0
BRDA:106,9,1,0
BRDA:106,10,0,0
BRDA:106,10,1,0
BRDA:127,11,0,0
BRDA:127,11,1,0
BRDA:127,12,0,0
BRDA:127,12,1,0
BRDA:130,13,0,0
BRDA:130,13,1,0
BRDA:132,14,0,0
BRDA:132,14,1,0
BRDA:132,15,0,0
BRDA:132,15,1,0
BRDA:134,16,0,0
BRDA:134,16,1,0
BRDA:136,17,0,0
BRDA:136,17,1,0
BRDA:144,18,0,0
BRDA:144,18,1,0
BRDA:145,19,0,0
BRDA:145,19,1,0
BRDA:145,20,0,0
BRDA:145,20,1,0
BRDA:231,21,0,0
BRDA:231,21,1,0
BRDA:237,22,0,0
BRDA:237,22,1,0
BRDA:242,23,0,0
BRDA:242,23,1,0
BRDA:248,24,0,0
BRDA:248,24,1,0
BRDA:249,25,0,0
BRDA:249,25,1,0
BRDA:250,26,0,0
BRDA:250,26,1,0
BRDA:278,27,0,0
BRDA:278,27,1,0
BRDA:282,28,0,0
BRDA:282,28,1,0
BRDA:303,29,0,0
BRDA:303,29,1,0
BRDA:308,30,0,0
BRDA:308,30,1,0
BRDA:313,31,0,0
BRDA:313,31,1,0
BRDA:363,32,0,0
BRDA:363,32,1,0
BRDA:367,33,0,0
BRDA:367,33,1,0
BRDA:367,34,0,0
BRDA:367,34,1,0
BRDA:375,35,0,0
BRDA:375,35,1,0
BRDA:383,36,0,0
BRDA:383,36,1,0
BRDA:383,37,0,0
BRDA:383,37,1,0
BRDA:417,38,0,0
BRDA:417,38,1,0
BRDA:417,39,0,0
BRDA:417,39,1,0
BRDA:507,40,0,0
BRDA:507,40,1,0
BRDA:508,41,0,0
BRDA:508,41,1,0
BRDA:511,42,0,0
BRDA:511,42,1,0
BRDA:613,43,0,0
BRDA:613,43,1,1
BRDA:613,44,0,1
BRDA:613,44,1,0
BRDA:621,45,0,0
BRDA:621,45,1,1
BRDA:624,46,0,1
BRDA:624,46,1,0
BRDA:637,47,0,1
BRDA:637,47,1,0
BRDA:637,48,0,1
BRDA:637,48,1,1
BRDA:645,49,0,1
BRDA:645,49,1,0
BRDA:649,50,0,0
BRDA:649,50,1,0
BRDA:653,51,0,0
BRDA:653,51,1,0
BRDA:658,52,0,0
BRDA:658,52,1,0
BRDA:670,53,0,0
BRDA:670,53,1,1
BRDA:670,54,0,1
BRDA:670,54,1,1
BRDA:670,54,2,0
BRDA:738,55,0,0
BRDA:738,55,1,0
BRDA:738,56,0,0
BRDA:738,56,1,0
BRDA:738,56,2,0
BRDA:741,57,0,0
BRDA:741,57,1,0
BRDA:757,58,0,0
BRDA:757,58,1,0
BRF:119
BRH:24
end_of_record
TN:
SF:/Users/kitsonk/github/dojo/json.js
FN:1,(anonymous_1)
FN:6,(anonymous_2)
FN:57,(anonymous_3)
FN:67,(anonymous_4)
FN:73,(anonymous_5)
FN:79,stringify
FN:105,(anonymous_7)
FNF:7
FNH:2
FNDA:18,(anonymous_1)
FNDA:36,(anonymous_2)
FNDA:0,(anonymous_3)
FNDA:0,(anonymous_4)
FNDA:0,(anonymous_5)
FNDA:0,stringify
FNDA:0,(anonymous_7)
DA:1,18
DA:3,18
DA:4,18
DA:6,36
DA:54,18
DA:55,18
DA:57,0
DA:62,0
DA:66,0
DA:68,0
DA:69,0
DA:71,0
DA:74,0
DA:75,0
DA:76,0
DA:77,0
DA:79,18
DA:80,0
DA:81,0
DA:83,0
DA:84,0
DA:85,0
DA:87,0
DA:88,0
DA:90,0
DA:91,0
DA:93,0
DA:94,0
DA:96,0
DA:97,0
DA:101,0
DA:102,0
DA:104,0
DA:105,0
DA:106,0
DA:107,0
DA:110,0
DA:112,0
DA:114,0
DA:117,0
DA:118,0
DA:121,0
DA:122,0
DA:123,0
DA:124,0
DA:125,0
DA:126,0
DA:127,0
DA:129,0
DA:131,0
DA:134,0
DA:135,0
DA:136,0
DA:137,0
DA:138,0
DA:139,0
DA:140,0
DA:141,0
DA:144,0
DA:146,0
DA:147,0
DA:149,0
DA:153,0
DA:156,0
DA:158,0
LF:65
LH:7
BRDA:6,1,0,18
BRDA:6,1,1,18
BRDA:6,2,0,36
BRDA:6,2,1,18
BRDA:54,3,0,18
BRDA:54,3,1,0
BRDA:67,4,0,0
BRDA:67,4,1,0
BRDA:68,5,0,0
BRDA:68,5,1,0
BRDA:68,6,0,0
BRDA:68,6,1,0
BRDA:75,7,0,0
BRDA:75,7,1,0
BRDA:80,8,0,0
BRDA:80,8,1,0
BRDA:84,9,0,0
BRDA:84,9,1,0
BRDA:85,10,0,0
BRDA:85,10,1,0
BRDA:87,11,0,0
BRDA:87,11,1,0
BRDA:90,12,0,0
BRDA:90,12,1,0
BRDA:93,13,0,0
BRDA:93,13,1,0
BRDA:96,14,0,0
BRDA:96,14,1,0
BRDA:96,15,0,0
BRDA:96,15,1,0
BRDA:101,16,0,0
BRDA:101,16,1,0
BRDA:104,17,0,0
BRDA:104,17,1,0
BRDA:106,18,0,0
BRDA:106,18,1,0
BRDA:107,19,0,0
BRDA:107,19,1,0
BRDA:110,20,0,0
BRDA:110,20,1,0
BRDA:114,21,0,0
BRDA:114,21,1,0
BRDA:117,22,0,0
BRDA:117,22,1,0
BRDA:118,23,0,0
BRDA:118,23,1,0
BRDA:121,24,0,0
BRDA:121,24,1,0
BRDA:126,25,0,0
BRDA:126,25,1,0
BRDA:137,26,0,0
BRDA:137,26,1,0
BRDA:138,27,0,0
BRDA:138,27,1,0
BRDA:140,28,0,0
BRDA:140,28,1,0
BRDA:147,29,0,0
BRDA:147,29,1,0
BRF:58
BRH:5
end_of_record
TN:
SF:/Users/kitsonk/github/dojo/number.js
FN:2,(anonymous_1)
FN:35,(anonymous_2)
FN:59,(anonymous_3)
FN:89,(anonymous_4)
FN:113,(anonymous_5)
FN:143,(anonymous_6)
FN:174,(anonymous_7)
FN:278,(anonymous_8)
FN:287,(anonymous_9)
FN:315,(anonymous_10)
FN:317,(anonymous_11)
FN:355,(anonymous_12)
FN:400,(anonymous_13)
FN:460,(anonymous_14)
FN:476,(anonymous_15)
FN:492,(anonymous_16)
FN:521,(anonymous_17)
FN:535,(anonymous_18)
FN:540,(anonymous_19)
FNF:19
FNH:17
FNDA:1,(anonymous_1)
FNDA:105,(anonymous_2)
FNDA:100,(anonymous_3)
FNDA:26,(anonymous_4)
FNDA:207,(anonymous_5)
FNDA:0,(anonymous_6)
FNDA:100,(anonymous_7)
FNDA:0,(anonymous_8)
FNDA:66,(anonymous_9)
FNDA:132,(anonymous_10)
FNDA:132,(anonymous_11)
FNDA:66,(anonymous_12)
FNDA:66,(anonymous_13)
FNDA:132,(anonymous_14)
FNDA:162,(anonymous_15)
FNDA:132,(anonymous_16)
FNDA:132,(anonymous_17)
FNDA:132,(anonymous_18)
FNDA:264,(anonymous_19)
DA:1,1
DA:7,1
DA:11,1
DA:35,1
DA:47,105
DA:48,105
DA:50,105
DA:51,105
DA:52,105
DA:53,100
DA:57,1
DA:59,1
DA:74,100
DA:75,100
DA:79,100
DA:82,100
DA:83,3
DA:84,97
DA:85,1
DA:86,96
DA:87,26
DA:88,26
DA:89,26
DA:90,26
DA:93,26
DA:94,16
DA:96,10
DA:98,70
DA:99,0
DA:103,100
DA:104,100
DA:105,100
DA:106,0
DA:108,100
DA:109,100
DA:113,1
DA:135,207
DA:136,207
DA:139,1
DA:142,0
DA:143,0
DA:144,0
DA:145,0
DA:146,0
DA:148,0
DA:149,0
DA:150,0
DA:153,0
DA:174,1
DA:182,100
DA:183,100
DA:184,100
DA:186,100
DA:189,100
DA:190,3
DA:191,97
DA:192,67
DA:194,100
DA:195,100
DA:198,100
DA:200,100
DA:201,81
DA:202,3
DA:205,81
DA:206,81
DA:207,36
DA:211,81
DA:212,0
DA:215,19
DA:219,100
DA:220,100
DA:221,100
DA:222,69
DA:223,69
DA:224,9
DA:228,69
DA:229,10
DA:234,100
DA:236,100
DA:237,61
DA:238,61
DA:239,61
DA:240,61
DA:241,5
DA:244,100
DA:245,100
DA:246,152
DA:247,152
DA:248,152
DA:249,152
DA:250,15
DA:251,15
DA:254,100
DA:256,100
DA:278,1
DA:284,0
DA:287,1
DA:288,66
DA:289,66
DA:297,66
DA:298,5
DA:299,61
DA:300,0
DA:302,61
DA:303,61
DA:304,33
DA:305,33
DA:310,66
DA:311,66
DA:312,35
DA:315,66
DA:316,132
DA:317,132
DA:318,132
DA:331,132
DA:332,8
DA:334,132
DA:335,10
DA:337,122
DA:338,122
DA:339,122
DA:340,122
DA:342,132
DA:343,132
DA:344,118
DA:345,118
DA:346,2
DA:349,132
DA:353,66
DA:355,33
DA:356,66
DA:360,66
DA:361,48
DA:364,18
DA:365,18
DA:366,18
DA:367,18
DA:368,18
DA:369,18
DA:371,0
DA:378,66
DA:400,1
DA:412,66
DA:414,66
DA:415,16
DA:417,50
DA:418,50
DA:419,7
DA:420,1
DA:423,6
DA:424,6
DA:429,49
DA:433,49
DA:460,1
DA:466,132
DA:468,132
DA:469,132
DA:470,132
DA:471,132
DA:472,132
DA:474,132
DA:477,162
DA:478,162
DA:479,120
DA:480,120
DA:481,32
DA:483,88
DA:486,162
DA:491,132
DA:493,132
DA:494,132
DA:498,132
DA:500,132
DA:501,132
DA:521,1
DA:526,132
DA:527,132
DA:528,132
DA:529,0
DA:530,132
DA:531,14
DA:534,132
DA:535,132
DA:539,132
DA:541,264
DA:542,132
DA:545,132
DA:546,132
DA:547,132
DA:549,132
DA:551,132
DA:552,2
DA:553,2
DA:555,130
DA:560,132
DA:563,1
LF:196
LH:180
BRDA:47,1,0,105
BRDA:47,1,1,4
BRDA:51,2,0,105
BRDA:51,2,1,39
BRDA:51,3,0,39
BRDA:51,3,1,28
BRDA:52,4,0,5
BRDA:52,4,1,100
BRDA:52,5,0,105
BRDA:52,5,1,102
BRDA:74,6,0,100
BRDA:74,6,1,0
BRDA:79,7,0,100
BRDA:79,7,1,25
BRDA:79,8,0,29
BRDA:79,8,1,71
BRDA:82,9,0,3
BRDA:82,9,1,97
BRDA:84,10,0,1
BRDA:84,10,1,96
BRDA:86,11,0,26
BRDA:86,11,1,70
BRDA:87,12,0,26
BRDA:87,12,1,26
BRDA:88,13,0,26
BRDA:88,13,1,26
BRDA:91,14,0,26
BRDA:91,14,1,17
BRDA:91,14,2,16
BRDA:93,15,0,16
BRDA:93,15,1,10
BRDA:98,16,0,0
BRDA:98,16,1,70
BRDA:105,17,0,0
BRDA:105,17,1,100
BRDA:108,18,0,1
BRDA:108,18,1,99
BRDA:135,19,0,207
BRDA:135,19,1,199
BRDA:139,20,0,0
BRDA:139,20,1,1
BRDA:144,21,0,0
BRDA:144,21,1,0
BRDA:145,22,0,0
BRDA:145,22,1,0
BRDA:145,23,0,0
BRDA:145,23,1,0
BRDA:149,24,0,0
BRDA:149,24,1,0
BRDA:149,25,0,0
BRDA:149,25,1,0
BRDA:153,26,0,0
BRDA:153,26,1,0
BRDA:182,27,0,100
BRDA:182,27,1,0
BRDA:183,28,0,0
BRDA:183,28,1,100
BRDA:184,29,0,0
BRDA:184,29,1,100
BRDA:187,30,0,100
BRDA:187,30,1,3
BRDA:189,31,0,3
BRDA:189,31,1,97
BRDA:191,32,0,67
BRDA:191,32,1,30
BRDA:192,33,0,67
BRDA:192,33,1,19
BRDA:194,34,0,100
BRDA:194,34,1,0
BRDA:199,35,0,100
BRDA:199,35,1,54
BRDA:200,36,0,81
BRDA:200,36,1,19
BRDA:200,37,0,100
BRDA:200,37,1,20
BRDA:201,38,0,3
BRDA:201,38,1,78
BRDA:205,39,0,33
BRDA:205,39,1,48
BRDA:205,40,0,48
BRDA:205,40,1,48
BRDA:206,41,0,36
BRDA:206,41,1,45
BRDA:211,42,0,0
BRDA:211,42,1,81
BRDA:215,43,0,0
BRDA:215,43,1,19
BRDA:221,44,0,69
BRDA:221,44,1,31
BRDA:223,45,0,9
BRDA:223,45,1,60
BRDA:228,46,0,10
BRDA:228,46,1,59
BRDA:236,47,0,61
BRDA:236,47,1,39
BRDA:240,48,0,5
BRDA:240,48,1,56
BRDA:247,49,0,52
BRDA:247,49,1,100
BRDA:248,50,0,52
BRDA:248,50,1,100
BRDA:249,51,0,15
BRDA:249,51,1,137
BRDA:254,52,0,100
BRDA:254,52,1,0
BRDA:256,53,0,100
BRDA:256,53,1,0
BRDA:288,54,0,66
BRDA:288,54,1,3
BRDA:291,55,0,66
BRDA:291,55,1,33
BRDA:291,56,0,33
BRDA:291,56,1,20
BRDA:297,57,0,5
BRDA:297,57,1,61
BRDA:299,58,0,0
BRDA:299,58,1,61
BRDA:303,59,0,33
BRDA:303,59,1,28
BRDA:304,60,0,33
BRDA:304,60,1,33
BRDA:305,61,0,33
BRDA:305,61,1,33
BRDA:311,62,0,35
BRDA:311,62,1,31
BRDA:320,63,0,0
BRDA:320,63,1,132
BRDA:331,64,0,8
BRDA:331,64,1,124
BRDA:331,65,0,132
BRDA:331,65,1,12
BRDA:334,66,0,10
BRDA:334,66,1,122
BRDA:334,67,0,132
BRDA:334,67,1,128
BRDA:337,68,0,94
BRDA:337,68,1,28
BRDA:337,69,0,62
BRDA:337,69,1,32
BRDA:338,70,0,92
BRDA:338,70,1,30
BRDA:338,71,0,122
BRDA:338,71,1,110
BRDA:339,72,0,12
BRDA:339,72,1,110
BRDA:339,73,0,122
BRDA:339,73,1,94
BRDA:343,74,0,118
BRDA:343,74,1,14
BRDA:345,75,0,2
BRDA:345,75,1,116
BRDA:353,76,0,33
BRDA:353,76,1,33
BRDA:357,77,0,66
BRDA:357,77,1,48
BRDA:357,77,2,48
BRDA:360,78,0,48
BRDA:360,78,1,18
BRDA:364,79,0,8
BRDA:364,79,1,10
BRDA:365,80,0,0
BRDA:365,80,1,18
BRDA:366,81,0,18
BRDA:366,81,1,0
BRDA:367,82,0,8
BRDA:367,82,1,10
BRDA:368,83,0,0
BRDA:368,83,1,18
BRDA:414,84,0,16
BRDA:414,84,1,50
BRDA:418,85,0,7
BRDA:418,85,1,43
BRDA:419,86,0,1
BRDA:419,86,1,6
BRDA:466,87,0,132
BRDA:466,87,1,0
BRDA:468,88,0,10
BRDA:468,88,1,122
BRDA:469,89,0,0
BRDA:469,89,1,132
BRDA:470,90,0,16
BRDA:470,90,1,116
BRDA:470,91,0,132
BRDA:470,91,1,132
BRDA:471,92,0,0
BRDA:471,92,1,132
BRDA:472,93,0,132
BRDA:472,93,1,0
BRDA:478,94,0,120
BRDA:478,94,1,42
BRDA:478,95,0,162
BRDA:478,95,1,120
BRDA:480,96,0,32
BRDA:480,96,1,88
BRDA:493,97,0,0
BRDA:493,97,1,132
BRDA:500,98,0,120
BRDA:500,98,1,12
BRDA:526,99,0,132
BRDA:526,99,1,0
BRDA:527,100,0,0
BRDA:527,100,1,132
BRDA:528,101,0,0
BRDA:528,101,1,132
BRDA:530,102,0,14
BRDA:530,102,1,118
BRDA:535,103,0,0
BRDA:535,103,1,132
BRDA:541,104,0,132
BRDA:541,104,1,132
BRDA:546,105,0,0
BRDA:546,105,1,132
BRDA:547,106,0,52
BRDA:547,106,1,80
BRDA:551,107,0,2
BRDA:551,107,1,130
BRDA:553,108,0,2
BRDA:553,108,1,0
BRF:218
BRH:178
end_of_record
TN:
SF:/Users/kitsonk/github/dojo/io-query.js
FN:1,(anonymous_1)
FN:12,objectToQuery
FN:49,queryToObject
FNF:3
FNH:3
FNDA:18,(anonymous_1)
FNDA:88,objectToQuery
FNDA:6,queryToObject
DA:1,18
DA:6,18
DA:8,18
DA:32,88
DA:33,88
DA:34,107
DA:35,107
DA:36,107
DA:37,107
DA:38,8
DA:39,16
DA:42,99
DA:46,88
DA:70,6
DA:71,6
DA:72,11
DA:73,11
DA:74,10
DA:75,10
DA:76,0
DA:77,0
DA:79,10
DA:80,10
DA:82,10
DA:83,1
DA:86,10
DA:87,1
DA:89,9
DA:93,6
LF:29
LH:27
BRDA:35,1,0,107
BRDA:35,1,1,0
BRDA:37,2,0,8
BRDA:37,2,1,99
BRDA:73,3,0,10
BRDA:73,3,1,1
BRDA:75,4,0,0
BRDA:75,4,1,10
BRDA:82,5,0,1
BRDA:82,5,1,9
BRDA:86,6,0,1
BRDA:86,6,1,9
BRF:12
BRH:10
end_of_record
TN:
SF:/Users/kitsonk/github/dojo/i18n.js
FN:2,(anonymous_1)
FN:38,(anonymous_2)
FN:73,(anonymous_3)
FN:82,(anonymous_4)
FN:86,(anonymous_5)
FN:89,(anonymous_6)
FN:92,(anonymous_7)
FN:105,(anonymous_8)
FN:113,(anonymous_9)
FN:120,(anonymous_10)
FN:272,(anonymous_11)
FN:277,(anonymous_12)
FN:291,(anonymous_13)
FN:296,(anonymous_14)
FN:306,(anonymous_15)
FN:322,doRequire
FN:330,forEachLocale
FN:342,preloadingAddLock
FN:346,preloadingRelLock
FN:353,cacheId
FN:358,preload
FN:360,(anonymous_22)
FN:364,(anonymous_23)
FN:392,improveBundle
FN:412,(anonymous_25)
FN:421,(anonymous_26)
FN:453,(anonymous_27)
FN:460,(anonymous_28)
FN:506,(anonymous_29)
FN:508,(anonymous_30)
FN:511,load
FN:557,(anonymous_32)
FN:568,(anonymous_33)
FN:584,(anonymous_34)
FN:593,(anonymous_35)
FN:595,(anonymous_36)
FNF:36
FNH:22
FNDA:13,(anonymous_1)
FNDA:44,(anonymous_2)
FNDA:219,(anonymous_3)
FNDA:9,(anonymous_4)
FNDA:44,(anonymous_5)
FNDA:44,(anonymous_6)
FNDA:44,(anonymous_7)
FNDA:28,(anonymous_8)
FNDA:15,(anonymous_9)
FNDA:238,(anonymous_10)
FNDA:238,(anonymous_11)
FNDA:238,(anonymous_12)
FNDA:262,(anonymous_13)
FNDA:210,(anonymous_14)
FNDA:0,(anonymous_15)
FNDA:0,doRequire
FNDA:0,forEachLocale
FNDA:0,preloadingAddLock
FNDA:0,preloadingRelLock
FNDA:0,cacheId
FNDA:0,preload
FNDA:0,(anonymous_22)
FNDA:0,(anonymous_23)
FNDA:0,improveBundle
FNDA:0,(anonymous_25)
FNDA:0,(anonymous_26)
FNDA:238,(anonymous_27)
FNDA:0,(anonymous_28)
FNDA:36,(anonymous_29)
FNDA:54,(anonymous_30)
FNDA:10,load
FNDA:0,(anonymous_32)
FNDA:248,(anonymous_33)
FNDA:210,(anonymous_34)
FNDA:36,(anonymous_35)
FNDA:210,(anonymous_36)
DA:1,13
DA:7,13
DA:12,13
DA:17,13
DA:61,44
DA:62,90
DA:63,90
DA:64,35
DA:65,35
DA:68,44
DA:74,219
DA:75,219
DA:76,219
DA:77,219
DA:83,9
DA:89,44
DA:90,44
DA:92,44
DA:93,44
DA:94,35
DA:97,44
DA:98,44
DA:99,44
DA:100,44
DA:110,28
DA:114,15
DA:115,15
DA:116,15
DA:117,15
DA:245,238
DA:246,238
DA:248,238
DA:249,0
DA:252,0
DA:253,0
DA:256,0
DA:258,238
DA:259,0
DA:263,238
DA:273,238
DA:274,238
DA:277,238
DA:278,238
DA:279,238
DA:280,238
DA:282,238
DA:283,44
DA:285,194
DA:290,13
DA:291,13
DA:292,262
DA:293,262
DA:297,210
DA:320,0
DA:322,13
DA:323,0
DA:324,0
DA:326,0
DA:330,13
DA:332,0
DA:333,0
DA:334,0
DA:335,0
DA:337,0
DA:339,0
DA:342,13
DA:343,0
DA:346,13
DA:347,0
DA:348,0
DA:349,0
DA:353,13
DA:355,0
DA:358,13
DA:359,0
DA:360,0
DA:361,0
DA:362,0
DA:363,0
DA:364,0
DA:365,0
DA:366,0
DA:371,0
DA:373,0
DA:374,0
DA:377,0
DA:379,0
DA:380,0
DA:381,0
DA:382,0
DA:383,0
DA:384,0
DA:386,0
DA:387,0
DA:390,0
DA:392,13
DA:410,0
DA:412,0
DA:413,0
DA:414,0
DA:415,0
DA:419,0
DA:420,0
DA:421,0
DA:425,0
DA:426,0
DA:427,0
DA:430,0
DA:431,0
DA:435,0
DA:438,0
DA:441,0
DA:443,0
DA:445,0
DA:449,0
DA:450,0
DA:454,238
DA:455,0
DA:457,238
DA:464,13
DA:466,13
DA:507,36
DA:508,36
DA:509,54
DA:511,13
DA:512,10
DA:513,10
DA:519,10
DA:521,0
DA:522,0
DA:523,0
DA:526,0
DA:530,54
DA:531,3
DA:533,51
DA:540,51
DA:541,10
DA:543,51
DA:544,41
DA:546,10
DA:547,0
DA:548,0
DA:550,0
DA:553,10
DA:558,0
DA:565,36
DA:568,13
DA:570,248
DA:571,248
DA:572,0
DA:573,0
DA:575,0
DA:577,0
DA:578,0
DA:581,248
DA:584,13
DA:585,210
DA:587,210
DA:593,36
DA:595,210
DA:597,210
DA:601,13
LF:162
LH:87
BRDA:62,1,0,46
BRDA:62,1,1,44
BRDA:63,2,0,35
BRDA:63,2,1,55
BRDA:63,3,0,90
BRDA:63,3,1,90
BRDA:74,4,0,219
BRDA:74,4,1,0
BRDA:77,5,0,0
BRDA:77,5,1,219
BRDA:90,6,0,44
BRDA:90,6,1,0
BRDA:91,7,0,44
BRDA:91,7,1,44
BRDA:110,8,0,3
BRDA:110,8,1,25
BRDA:114,9,0,15
BRDA:114,9,1,15
BRDA:115,10,0,15
BRDA:115,10,1,0
BRDA:245,11,0,238
BRDA:245,11,1,0
BRDA:248,12,0,0
BRDA:248,12,1,238
BRDA:249,13,0,0
BRDA:249,13,1,0
BRDA:258,14,0,0
BRDA:258,14,1,238
BRDA:258,15,0,238
BRDA:258,15,1,238
BRDA:265,16,0,238
BRDA:265,16,1,15
BRDA:267,17,0,238
BRDA:267,17,1,223
BRDA:268,18,0,238
BRDA:268,18,1,15
BRDA:268,18,2,0
BRDA:270,19,0,223
BRDA:270,19,1,15
BRDA:273,20,0,238
BRDA:273,20,1,0
BRDA:279,21,0,238
BRDA:279,21,1,0
BRDA:282,22,0,44
BRDA:282,22,1,194
BRDA:290,23,0,13
BRDA:290,23,1,0
BRDA:290,24,0,13
BRDA:290,24,1,0
BRDA:292,25,0,220
BRDA:292,25,1,42
BRDA:293,26,0,0
BRDA:293,26,1,262
BRDA:297,27,0,210
BRDA:297,27,1,0
BRDA:297,28,0,210
BRDA:297,28,1,210
BRDA:320,29,0,0
BRDA:320,29,1,0
BRDA:323,30,0,0
BRDA:323,30,1,0
BRDA:323,31,0,0
BRDA:323,31,1,0
BRDA:334,32,0,0
BRDA:334,32,1,0
BRDA:348,33,0,0
BRDA:348,33,1,0
BRDA:361,34,0,0
BRDA:361,34,1,0
BRDA:371,35,0,0
BRDA:371,35,1,0
BRDA:377,36,0,0
BRDA:377,36,1,0
BRDA:380,37,0,0
BRDA:380,37,1,0
BRDA:390,38,0,0
BRDA:390,38,1,0
BRDA:413,39,0,0
BRDA:413,39,1,0
BRDA:419,40,0,0
BRDA:419,40,1,0
BRDA:454,41,0,0
BRDA:454,41,1,238
BRDA:464,42,0,13
BRDA:464,42,1,0
BRDA:513,43,0,10
BRDA:513,43,1,0
BRDA:521,44,0,0
BRDA:521,44,1,0
BRDA:526,45,0,0
BRDA:526,45,1,0
BRDA:530,46,0,3
BRDA:530,46,1,51
BRDA:540,47,0,10
BRDA:540,47,1,41
BRDA:543,48,0,41
BRDA:543,48,1,10
BRDA:546,49,0,0
BRDA:546,49,1,10
BRDA:565,50,0,36
BRDA:565,50,1,36
BRDA:570,51,0,496
BRDA:570,51,1,248
BRDA:571,52,0,0
BRDA:571,52,1,248
BRDA:573,53,0,0
BRDA:573,53,1,0
BRDA:577,54,0,0
BRDA:577,54,1,0
BRDA:593,55,0,210
BRDA:593,55,1,0
BRF:111
BRH:57
end_of_record
TN:
SF:/Users/kitsonk/github/dojo/regexp.js
FN:1,(anonymous_1)
FN:12,(anonymous_2)
FN:18,(anonymous_3)
FN:26,(anonymous_4)
FN:60,(anonymous_5)
FNF:5
FNH:5
FNDA:2,(anonymous_1)
FNDA:404,(anonymous_2)
FNDA:322,(anonymous_3)
FNDA:594,(anonymous_4)
FNDA:228,(anonymous_5)
DA:1,2
DA:6,2
DA:10,2
DA:12,2
DA:18,404
DA:19,322
DA:20,121
DA:22,201
DA:26,2
DA:45,594
DA:46,366
DA:50,228
DA:51,228
DA:53,456
DA:57,228
DA:60,2
DA:66,228
DA:69,2
LF:18
LH:18
BRDA:19,1,0,121
BRDA:19,1,1,201
BRDA:19,2,0,322
BRDA:19,2,1,232
BRDA:45,3,0,366
BRDA:45,3,1,228
BRDA:66,4,0,228
BRDA:66,4,1,0
BRF:8
BRH:7
end_of_record
TN:
SF:/Users/kitsonk/github/dojo/on/throttle.js
FN:1,(anonymous_1)
FN:7,(anonymous_2)
FN:15,(anonymous_3)
FNF:3
FNH:3
FNDA:1,(anonymous_1)
FNDA:2,(anonymous_2)
FNDA:2,(anonymous_3)
DA:1,1
DA:7,1
DA:15,2
DA:16,2
LF:4
LH:4
BRF:0
BRH:0
end_of_record
TN:
SF:/Users/kitsonk/github/dojo/on/debounce.js
FN:1,(anonymous_1)
FN:7,(anonymous_2)
FN:15,(anonymous_3)
FNF:3
FNH:3
FNDA:1,(anonymous_1)
FNDA:4,(anonymous_2)
FNDA:4,(anonymous_3)
DA:1,1
DA:7,1
DA:15,4
DA:16,4
LF:4
LH:4
BRF:0
BRH:0
end_of_record
TN:
SF:/Users/kitsonk/github/dojo/topic.js
FN:1,(anonymous_1)
FN:16,(anonymous_2)
FN:28,(anonymous_3)
FNF:3
FNH:3
FNDA:28,(anonymous_1)
FNDA:145,(anonymous_2)
FNDA:1034,(anonymous_3)
DA:1,28
DA:6,28
DA:7,28
DA:25,145
DA:35,1034
LF:5
LH:5
BRF:0
BRH:0
[...]
FN:206,(anonymous_25)
FN:207,(anonymous_26)
FN:212,(anonymous_27)
FN:217,(anonymous_28)
FN:221,(anonymous_29)
FN:227,(anonymous_30)
FN:232,(anonymous_31)
FN:234,(anonymous_32)
FN:240,(anonymous_33)
FN:245,(anonymous_34)
FN:248,(anonymous_35)
FN:250,(anonymous_36)
FN:257,(anonymous_37)
FN:292,(anonymous_38)
FN:319,(anonymous_39)
FN:334,(anonymous_40)
FN:341,(anonymous_41)
FN:351,(anonymous_42)
FN:378,(anonymous_43)
FN:383,(anonymous_44)
FN:394,(anonymous_45)
FN:414,(anonymous_46)
FN:415,(anonymous_47)
FNF:47
FNH:36
FNDA:28,(anonymous_1)
FNDA:0,(anonymous_2)
FNDA:608,(anonymous_3)
FNDA:8,(anonymous_4)
FNDA:21,(anonymous_5)
FNDA:326,(anonymous_6)
FNDA:19,(anonymous_7)
FNDA:8,(anonymous_8)
FNDA:8,(anonymous_9)
FNDA:7,(anonymous_10)
FNDA:8,(anonymous_11)
FNDA:1,(anonymous_12)
FNDA:0,(anonymous_13)
FNDA:1,(anonymous_14)
FNDA:2,(anonymous_15)
FNDA:0,(anonymous_16)
FNDA:0,(anonymous_17)
FNDA:1,(anonymous_18)
FNDA:0,(anonymous_19)
FNDA:8,(anonymous_20)
FNDA:15,(anonymous_21)
FNDA:25,(anonymous_22)
FNDA:105,(anonymous_23)
FNDA:252,(anonymous_24)
FNDA:15,(anonymous_25)
FNDA:25,(anonymous_26)
FNDA:18,(anonymous_27)
FNDA:8,(anonymous_28)
FNDA:15,(anonymous_29)
FNDA:0,(anonymous_30)
FNDA:0,(anonymous_31)
FNDA:0,(anonymous_32)
FNDA:0,(anonymous_33)
FNDA:2,(anonymous_34)
FNDA:0,(anonymous_35)
FNDA:0,(anonymous_36)
FNDA:15,(anonymous_37)
FNDA:9,(anonymous_38)
FNDA:6,(anonymous_39)
FNDA:6,(anonymous_40)
FNDA:6,(anonymous_41)
FNDA:7,(anonymous_42)
FNDA:4,(anonymous_43)
FNDA:4,(anonymous_44)
FNDA:5,(anonymous_45)
FNDA:5,(anonymous_46)
FNDA:7,(anonymous_47)
DA:1,28
DA:19,28
DA:20,0
DA:21,0
DA:22,0
DA:26,28
DA:31,28
DA:33,608
DA:34,57
DA:36,608
DA:40,28
DA:41,8
DA:42,8
DA:43,8
DA:45,8
DA:46,8
DA:47,21
DA:48,21
DA:49,21
DA:51,21
DA:52,4
DA:57,28
DA:58,28
DA:60,326
DA:63,19
DA:64,19
DA:65,19
DA:66,19
DA:67,7
DA:70,12
DA:71,12
DA:72,12
DA:73,12
DA:77,8
DA:78,8
DA:79,8
DA:80,8
DA:83,7
DA:86,8
DA:87,8
DA:88,8
DA:89,8
DA:91,8
DA:92,0
DA:94,8
DA:95,8
DA:96,0
DA:98,8
DA:99,8
DA:100,8
DA:103,1
DA:104,0
DA:105,0
DA:106,0
DA:108,0
DA:110,1
DA:113,1
DA:114,1
DA:115,1
DA:117,1
DA:118,2
DA:119,1
DA:120,1
DA:121,1
DA:123,1
DA:124,1
DA:126,1
DA:127,1
DA:129,1
DA:130,1
DA:133,0
DA:134,0
DA:135,0
DA:136,0
DA:138,0
DA:140,0
DA:141,0
DA:142,0
DA:144,0
DA:146,0
DA:149,1
DA:152,0
DA:153,0
DA:154,0
DA:157,28
DA:159,28
DA:179,8
DA:182,28
DA:183,15
DA:184,15
DA:185,15
DA:187,15
DA:188,15
DA:189,25
DA:190,25
DA:191,25
DA:192,25
DA:195,15
DA:196,15
DA:197,15
DA:199,105
DA:200,252
DA:205,28
DA:207,15
DA:208,25
DA:210,8
DA:213,18
DA:214,0
DA:218,8
DA:219,8
DA:222,15
DA:223,15
DA:224,8
DA:225,8
DA:228,0
DA:229,0
DA:230,0
DA:233,0
DA:234,0
DA:235,0
DA:237,0
DA:238,0
DA:241,0
DA:242,0
DA:243,0
DA:246,2
DA:249,0
DA:250,0
DA:251,0
DA:255,28
DA:257,28
DA:289,15
DA:292,28
DA:313,9
DA:315,9
DA:322,6
DA:323,6
DA:324,6
DA:325,1
DA:326,1
DA:327,1
DA:328,1
DA:330,5
DA:331,5
DA:335,6
DA:341,9
DA:342,6
DA:343,6
DA:345,9
DA:346,9
DA:348,9
DA:351,28
DA:368,7
DA:370,7
DA:378,7
DA:379,4
DA:380,4
DA:381,4
DA:383,7
DA:384,4
DA:385,4
DA:386,4
DA:388,7
DA:389,7
DA:391,7
DA:394,28
DA:411,5
DA:414,5
DA:415,5
DA:416,7
DA:417,7
DA:418,7
DA:419,7
DA:420,7
DA:421,5
DA:422,5
DA:423,5
DA:424,5
DA:425,5
DA:426,5
DA:430,5
DA:432,5
DA:438,5
DA:440,5
DA:443,28
LF:185
LH:148
BRDA:19,1,0,0
BRDA:19,1,1,28
BRDA:33,2,0,57
BRDA:33,2,1,551
BRDA:34,3,0,57
BRDA:34,3,1,7
BRDA:42,4,0,8
BRDA:42,4,1,0
BRDA:47,5,0,21
BRDA:47,5,1,0
BRDA:48,6,0,21
BRDA:48,6,1,0
BRDA:51,7,0,4
BRDA:51,7,1,17
BRDA:66,8,0,7
BRDA:66,8,1,12
BRDA:77,9,0,7
BRDA:77,9,1,1
BRDA:78,10,0,0
BRDA:78,10,1,8
BRDA:78,11,0,8
BRDA:78,11,1,8
BRDA:91,12,0,0
BRDA:91,12,1,8
BRDA:95,13,0,0
BRDA:95,13,1,8
BRDA:103,14,0,0
BRDA:103,14,1,1
BRDA:118,15,0,1
BRDA:118,15,1,1
BRDA:126,16,0,1
BRDA:126,16,1,0
BRDA:129,17,0,1
BRDA:129,17,1,0
BRDA:133,18,0,0
BRDA:133,18,1,0
BRDA:134,19,0,0
BRDA:134,19,1,0
BRDA:149,20,0,1
BRDA:149,20,1,0
BRDA:153,21,0,0
BRDA:153,21,1,0
BRDA:154,22,0,0
BRDA:154,22,1,0
BRDA:179,23,0,8
BRDA:179,23,1,0
BRDA:183,24,0,15
BRDA:183,24,1,0
BRDA:190,25,0,4
BRDA:190,25,1,21
BRDA:191,26,0,12
BRDA:191,26,1,13
BRDA:213,27,0,0
BRDA:213,27,1,18
BRDA:235,28,0,0
BRDA:235,28,1,0
BRDA:289,29,0,8
BRDA:289,29,1,7
BRDA:324,30,0,1
BRDA:324,30,1,5
BRDA:324,31,0,6
BRDA:324,31,1,6
BRDA:418,32,0,2
BRDA:418,32,1,5
BRDA:418,33,0,5
BRDA:418,33,1,5
BRDA:419,34,0,2
BRDA:419,34,1,5
BRDA:419,35,0,5
BRDA:419,35,1,5
BRDA:420,36,0,5
BRDA:420,36,1,2
BRDA:420,37,0,7
BRDA:420,37,1,5
BRDA:434,38,0,5
BRDA:434,38,1,3
BRDA:435,39,0,5
BRDA:435,39,1,0
BRF:78
BRH:53
end_of_record
TN:
SF:/Users/kitsonk/github/dojo/selector/lite.js
FN:1,(anonymous_1)
FN:13,(anonymous_2)
FN:101,(anonymous_3)
FN:136,(anonymous_4)
FN:140,(anonymous_5)
FN:142,(anonymous_6)
FN:146,(anonymous_7)
FN:148,(anonymous_8)
FN:152,(anonymous_9)
FN:153,(anonymous_10)
FN:159,(anonymous_11)
FN:162,(anonymous_12)
FN:165,(anonymous_13)
FN:168,(anonymous_14)
FN:171,(anonymous_15)
FN:174,(anonymous_16)
FN:177,(anonymous_17)
FN:181,attr
FN:189,(anonymous_19)
FN:194,ancestor
FN:195,(anonymous_21)
FN:203,parent
FN:204,(anonymous_23)
FN:212,and
FN:214,(anonymous_25)
FN:219,(anonymous_26)
FN:225,(anonymous_27)
FN:250,(anonymous_28)
FN:275,(anonymous_29)
FN:278,(anonymous_30)
FNF:30
FNH:5
FNDA:25,(anonymous_1)
FNDA:1096,(anonymous_2)
FNDA:291,(anonymous_3)
FNDA:0,(anonymous_4)
FNDA:0,(anonymous_5)
FNDA:0,(anonymous_6)
FNDA:0,(anonymous_7)
FNDA:0,(anonymous_8)
FNDA:0,(anonymous_9)
FNDA:0,(anonymous_10)
FNDA:0,(anonymous_11)
FNDA:0,(anonymous_12)
FNDA:0,(anonymous_13)
FNDA:0,(anonymous_14)
FNDA:0,(anonymous_15)
FNDA:0,(anonymous_16)
FNDA:0,(anonymous_17)
FNDA:0,attr
FNDA:0,(anonymous_19)
FNDA:0,ancestor
FNDA:0,(anonymous_21)
FNDA:0,parent
FNDA:0,(anonymous_23)
FNDA:0,and
FNDA:0,(anonymous_25)
FNDA:0,(anonymous_26)
FNDA:0,(anonymous_27)
FNDA:0,(anonymous_28)
FNDA:2,(anonymous_29)
FNDA:2,(anonymous_30)
DA:1,25
DA:4,25
DA:5,25
DA:6,25
DA:7,25
DA:8,25
DA:9,25
DA:13,25
DA:18,1096
DA:19,0
DA:25,1096
DA:30,1096
DA:31,1096
DA:32,488
DA:37,488
DA:40,0
DA:41,0
DA:43,0
DA:45,0
DA:47,0
DA:48,0
DA:49,0
DA:50,0
DA:51,0
DA:55,0
DA:59,488
DA:61,287
DA:63,201
DA:64,201
DA:66,88
DA:67,88
DA:68,0
DA:71,88
DA:75,721
DA:80,721
DA:81,289
DA:84,432
DA:86,0
DA:88,0
DA:91,0
DA:92,0
DA:93,0
DA:94,0
DA:96,0
DA:99,0
DA:101,25
DA:103,291
DA:109,291
DA:110,0
DA:112,291
DA:113,74
DA:115,217
DA:117,291
DA:118,0
DA:120,291
DA:121,291
DA:122,299
DA:124,291
DA:126,291
DA:127,291
DA:129,291
DA:130,74
DA:135,25
DA:136,0
DA:138,0
DA:139,0
DA:141,0
DA:142,0
DA:143,0
DA:147,0
DA:148,0
DA:149,0
DA:153,0
DA:154,0
DA:158,0
DA:160,0
DA:163,0
DA:166,0
DA:169,0
DA:172,0
DA:175,0
DA:178,0
DA:181,25
DA:182,0
DA:183,0
DA:185,0
DA:187,0
DA:188,0
DA:189,0
DA:190,0
DA:191,0
DA:194,25
DA:195,0
DA:196,0
DA:197,0
DA:198,0
DA:203,25
DA:204,0
DA:205,0
DA:206,0
DA:211,0
DA:212,25
DA:213,0
DA:215,0
DA:219,0
DA:221,0
DA:222,0
DA:225,0
DA:226,0
DA:227,0
DA:229,0
DA:230,0
DA:232,0
DA:233,0
DA:235,0
DA:237,0
DA:239,0
DA:240,0
DA:242,0
DA:245,0
DA:249,25
DA:250,0
DA:252,0
DA:253,0
DA:257,0
DA:258,0
DA:259,0
DA:260,0
DA:261,0
DA:262,0
DA:263,0
DA:267,0
DA:268,0
DA:269,0
DA:271,0
DA:275,25
DA:276,2
DA:278,2
DA:279,2
DA:283,0
DA:286,25
LF:141
LH:51
BRDA:5,1,0,25
BRDA:5,1,1,0
BRDA:5,1,2,0
BRDA:5,1,3,0
BRDA:5,1,4,0
BRDA:18,2,0,0
BRDA:18,2,1,1096
BRDA:18,3,0,1096
BRDA:18,3,1,0
BRDA:25,4,0,601
BRDA:25,4,1,495
BRDA:25,5,0,601
BRDA:25,5,1,0
BRDA:25,6,0,495
BRDA:25,6,1,0
BRDA:26,7,0,1096
BRDA:26,7,1,0
BRDA:30,8,0,1096
BRDA:30,8,1,495
BRDA:31,9,0,488
BRDA:31,9,1,608
BRDA:32,10,0,0
BRDA:32,10,1,488
BRDA:32,11,0,488
BRDA:32,11,1,0
BRDA:34,12,0,488
BRDA:34,12,1,320
BRDA:34,12,2,320
BRDA:37,13,0,0
BRDA:37,13,1,488
BRDA:37,14,0,488
BRDA:37,14,1,113
BRDA:40,15,0,0
BRDA:40,15,1,0
BRDA:41,16,0,0
BRDA:41,16,1,0
BRDA:41,17,0,0
BRDA:41,17,1,0
BRDA:41,17,2,0
BRDA:45,18,0,0
BRDA:45,18,1,0
BRDA:50,19,0,0
BRDA:50,19,1,0
BRDA:55,20,0,0
BRDA:55,20,1,0
BRDA:59,21,0,287
BRDA:59,21,1,201
BRDA:59,22,0,488
BRDA:59,22,1,287
BRDA:64,23,0,88
BRDA:64,23,1,113
BRDA:67,24,0,0
BRDA:67,24,1,88
BRDA:67,25,0,88
BRDA:67,25,1,88
BRDA:68,26,0,0
BRDA:68,26,1,0
BRDA:75,27,0,721
BRDA:75,27,1,0
BRDA:80,28,0,289
BRDA:80,28,1,432
BRDA:80,29,0,721
BRDA:80,29,1,289
BRDA:86,30,0,0
BRDA:86,30,1,0
BRDA:94,31,0,0
BRDA:94,31,1,0
BRDA:94,32,0,0
BRDA:94,32,1,0
BRDA:105,33,0,291
BRDA:105,33,1,74
BRDA:109,34,0,0
BRDA:109,34,1,291
BRDA:109,35,0,291
BRDA:109,35,1,0
BRDA:112,36,0,74
BRDA:112,36,1,217
BRDA:117,37,0,0
BRDA:117,37,1,291
BRDA:117,38,0,291
BRDA:117,38,1,0
BRDA:129,39,0,74
BRDA:129,39,1,217
BRDA:135,40,0,0
BRDA:135,40,1,25
BRDA:138,41,0,0
BRDA:138,41,1,0
BRDA:149,42,0,0
BRDA:149,42,1,0
BRDA:183,43,0,0
BRDA:183,43,1,0
BRDA:183,44,0,0
BRDA:183,44,1,0
BRDA:188,45,0,0
BRDA:188,45,1,0
BRDA:191,46,0,0
BRDA:191,46,1,0
BRDA:197,47,0,0
BRDA:197,47,1,0
BRDA:206,48,0,0
BRDA:206,48,1,0
BRDA:207,49,0,0
BRDA:207,49,1,0
BRDA:213,50,0,0
BRDA:213,50,1,0
BRDA:215,51,0,0
BRDA:215,51,1,0
BRDA:222,52,0,0
BRDA:222,52,1,0
BRDA:225,53,0,0
BRDA:225,53,1,0
BRDA:226,54,0,0
BRDA:226,54,1,0
BRDA:227,55,0,0
BRDA:227,55,1,0
BRDA:229,56,0,0
BRDA:229,56,1,0
BRDA:230,57,0,0
BRDA:230,57,1,0
BRDA:232,58,0,0
BRDA:232,58,1,0
BRDA:239,59,0,0
BRDA:239,59,1,0
BRDA:249,60,0,0
BRDA:249,60,1,25
BRDA:275,61,0,25
BRDA:275,61,1,0
BRDA:276,62,0,2
BRDA:276,62,1,0
BRDA:276,63,0,2
BRDA:276,63,1,2
BRF:131
BRH:50
end_of_record
TN:
SF:/Users/kitsonk/github/dojo/behavior.js
FN:2,(anonymous_1)
FN:9,(anonymous_2)
FN:24,arrIn
FN:31,forIn
FN:46,(anonymous_5)
FN:156,(anonymous_6)
FN:166,(anonymous_7)
FN:172,(anonymous_8)
FN:177,(anonymous_9)
FN:190,(anonymous_10)
FN:213,(anonymous_11)
FN:215,(anonymous_12)
FN:227,(anonymous_13)
FN:229,(anonymous_14)
FN:246,(anonymous_15)
FNF:15
FNH:15
FNDA:1,(anonymous_1)
FNDA:1,(anonymous_2)
FNDA:12,arrIn
FNDA:24,forIn
FNDA:4,(anonymous_5)
FNDA:6,(anonymous_6)
FNDA:6,(anonymous_7)
FNDA:8,(anonymous_8)
FNDA:2,(anonymous_9)
FNDA:6,(anonymous_10)
FNDA:12,(anonymous_11)
FNDA:14,(anonymous_12)
FNDA:8,(anonymous_13)
FNDA:8,(anonymous_14)
FNDA:1,(anonymous_15)
DA:1,1
DA:7,1
DA:9,1
DA:24,1
DA:25,12
DA:26,12
DA:29,1
DA:31,1
DA:32,24
DA:33,24
DA:34,32
DA:35,32
DA:36,26
DA:38,6
DA:45,1
DA:46,1
DA:156,4
DA:157,6
DA:158,6
DA:159,3
DA:161,6
DA:162,6
DA:163,6
DA:164,5
DA:166,6
DA:167,6
DA:172,1
DA:173,8
DA:174,4
DA:175,2
DA:177,2
DA:178,2
DA:181,4
DA:182,4
DA:183,4
DA:185,0
DA:190,1
DA:213,6
DA:214,12
DA:216,14
DA:217,14
DA:218,14
DA:219,10
DA:220,10
DA:221,6
DA:226,8
DA:227,8
DA:228,8
DA:229,8
DA:230,8
DA:237,8
DA:244,1
DA:246,1
DA:248,1
LF:54
LH:53
BRDA:25,1,0,9
BRDA:25,1,1,3
BRDA:34,2,0,32
BRDA:34,2,1,0
BRDA:35,3,0,26
BRDA:35,3,1,6
BRDA:158,4,0,3
BRDA:158,4,1,3
BRDA:163,5,0,5
BRDA:163,5,1,1
BRDA:163,6,0,6
BRDA:163,6,1,5
BRDA:173,7,0,4
BRDA:173,7,1,4
BRDA:174,8,0,2
BRDA:174,8,1,2
BRDA:181,9,0,4
BRDA:181,9,1,0
BRDA:182,10,0,4
BRDA:182,10,1,0
BRDA:218,11,0,10
BRDA:218,11,1,4
BRDA:220,12,0,6
BRDA:220,12,1,4
BRDA:228,13,0,8
BRDA:228,13,1,0
BRF:26
BRH:22
end_of_record
TN:
SF:/Users/kitsonk/github/dojo/cookie.js
FN:1,(anonymous_1)
FN:23,(anonymous_2)
FN:80,(anonymous_3)
FNF:3
FNH:2
FNDA:1,(anonymous_1)
FNDA:14,(anonymous_2)
FNDA:0,(anonymous_3)
DA:1,1
DA:23,1
DA:53,14
DA:54,14
DA:55,7
DA:56,7
DA:58,7
DA:60,7
DA:61,7
DA:62,6
DA:63,6
DA:64,6
DA:66,7
DA:68,7
DA:69,7
DA:70,7
DA:71,6
DA:72,6
DA:73,6
DA:75,7
DA:77,14
DA:80,1
DA:87,0
DA:88,0
DA:89,0
DA:90,0
DA:91,0
DA:94,0
DA:97,1
LF:29
LH:23
BRDA:54,1,0,7
BRDA:54,1,1,7
BRDA:56,2,0,4
BRDA:56,2,1,3
BRDA:58,3,0,7
BRDA:58,3,1,1
BRDA:61,4,0,6
BRDA:61,4,1,1
BRDA:66,5,0,6
BRDA:66,5,1,1
BRDA:66,6,0,7
BRDA:66,6,1,6
BRDA:73,7,0,6
BRDA:73,7,1,0
BRDA:87,8,0,0
BRDA:87,8,1,0
BRDA:90,9,0,0
BRDA:90,9,1,0
BRF:18
BRH:13
end_of_record
TN:
SF:/Users/kitsonk/github/dojo/fx/Toggler.js
FN:2,(anonymous_1)
FN:65,(anonymous_2)
FN:84,(anonymous_3)
FN:92,(anonymous_4)
FNF:4
FNH:4
FNDA:21,(anonymous_1)
FNDA:1,(anonymous_2)
FNDA:1,(anonymous_3)
FNDA:1,(anonymous_4)
DA:1,21
DA:6,21
DA:66,1
DA:68,1
DA:69,1
DA:70,1
DA:71,1
DA:72,1
DA:73,1
DA:75,1
DA:76,1
DA:77,1
DA:78,1
DA:80,1
DA:81,1
DA:89,1
DA:97,1
LF:17
LH:17
BRDA:89,1,0,1
BRDA:89,1,1,1
BRDA:97,2,0,1
BRDA:97,2,1,1
BRF:4
BRH:4
end_of_record
TN:
SF:/Users/kitsonk/github/dojo/_firebug/firebug.js
FN:1,(anonymous_1)
FN:23,(anonymous_2)
FN:25,(anonymous_3)
FNF:3
FNH:1
FNDA:1,(anonymous_1)
FNDA:0,(anonymous_2)
FNDA:0,(anonymous_3)
DA:1,1
DA:10,1
DA:11,1
DA:14,0
DA:15,0
DA:16,0
DA:17,0
DA:19,0
DA:21,0
DA:22,0
DA:23,0
DA:24,0
DA:25,0
DA:26,0
DA:32,0
LF:15
LH:3
BRDA:11,1,0,0
BRDA:11,1,1,1
BRDA:17,2,0,0
BRDA:17,2,1,0
BRDA:17,3,0,0
BRDA:17,3,1,0
BRF:6
BRH:1
end_of_record
TN:
SF:/Users/kitsonk/github/dojo/touch.js
FN:2,(anonymous_1)
FN:11,(anonymous_2)
FN:30,dualEvent
FN:36,(anonymous_4)
FN:40,(anonymous_5)
FN:41,(anonymous_6)
FN:49,(anonymous_7)
FN:55,(anonymous_8)
FN:63,(anonymous_9)
FN:69,marked
FN:77,doClicks
FN:110,updateClickTracker
FN:125,(anonymous_13)
FN:137,(anonymous_14)
FN:152,createMouseEvent
FN:179,(anonymous_16)
FN:190,stopNativeEvents
FN:191,(anonymous_18)
FN:243,(anonymous_19)
FN:244,(anonymous_20)
FN:249,(anonymous_21)
FN:253,(anonymous_22)
FN:273,copyEventProps
FN:294,(anonymous_24)
FN:332,(anonymous_25)
FNF:25
FNH:4
FNDA:9,(anonymous_1)
FNDA:9,(anonymous_2)
FNDA:72,dualEvent
FNDA:0,(anonymous_4)
FNDA:0,(anonymous_5)
FNDA:0,(anonymous_6)
FNDA:0,(anonymous_7)
FNDA:0,(anonymous_8)
FNDA:8,(anonymous_9)
FNDA:0,marked
FNDA:0,doClicks
FNDA:0,updateClickTracker
FNDA:0,(anonymous_13)
FNDA:0,(anonymous_14)
FNDA:0,createMouseEvent
FNDA:0,(anonymous_16)
FNDA:0,stopNativeEvents
FNDA:0,(anonymous_18)
FNDA:0,(anonymous_19)
FNDA:0,(anonymous_20)
FNDA:0,(anonymous_21)
FNDA:0,(anonymous_22)
FNDA:0,copyEventProps
FNDA:0,(anonymous_24)
FNDA:0,(anonymous_25)
DA:1,9
DA:7,9
DA:10,9
DA:12,9
DA:13,9
DA:14,54
DA:18,9
DA:22,9
DA:25,9
DA:28,9
DA:30,9
DA:33,72
DA:36,0
DA:37,0
DA:39,72
DA:40,0
DA:41,0
DA:42,0
DA:47,0
DA:50,0
DA:51,0
DA:54,0
DA:56,0
DA:57,0
DA:63,72
DA:64,8
DA:69,9
DA:72,0
DA:73,0
DA:77,9
DA:86,0
DA:87,0
DA:90,0
DA:91,0
DA:92,0
DA:93,0
DA:94,0
DA:95,0
DA:98,0
DA:100,0
DA:101,0
DA:102,0
DA:103,0
DA:107,0
DA:108,0
DA:110,9
DA:111,0
DA:112,0
DA:118,0
DA:125,0
DA:126,0
DA:127,0
DA:129,0
DA:130,0
DA:133,0
DA:137,0
DA:138,0
DA:139,0
DA:141,0
DA:142,0
DA:143,0
DA:144,0
DA:145,0
DA:147,0
DA:151,0
DA:152,9
DA:155,0
DA:156,0
DA:157,0
DA:173,0
DA:175,0
DA:176,0
DA:177,0
DA:179,0
DA:180,0
DA:181,0
DA:182,0
DA:185,0
DA:190,9
DA:191,0
DA:199,0
DA:200,0
DA:203,0
DA:204,0
DA:205,0
DA:222,0
DA:228,0
DA:232,0
DA:233,0
DA:238,9
DA:240,9
DA:241,0
DA:243,0
DA:244,0
DA:245,0
DA:249,0
DA:251,0
DA:253,0
DA:254,0
DA:259,0
DA:260,0
DA:261,0
DA:265,0
DA:270,0
DA:273,9
DA:275,0
DA:279,0
DA:282,0
DA:283,0
DA:284,0
DA:285,0
DA:286,0
DA:287,0
DA:288,0
DA:291,0
DA:294,0
DA:295,0
DA:297,0
DA:302,0
DA:304,0
DA:306,0
DA:312,0
DA:317,0
DA:322,0
DA:325,0
DA:332,0
DA:333,0
DA:334,0
DA:339,0
DA:346,9
DA:478,9
DA:480,9
LF:132
LH:26
BRDA:10,1,0,9
BRDA:10,1,1,9
BRDA:14,2,0,0
BRDA:14,2,1,54
BRDA:33,3,0,0
BRDA:33,3,1,72
BRDA:33,4,0,72
BRDA:33,4,1,0
BRDA:39,5,0,0
BRDA:39,5,1,72
BRDA:50,6,0,0
BRDA:50,6,1,0
BRDA:50,7,0,0
BRDA:50,7,1,0
BRDA:73,8,0,0
BRDA:73,8,1,0
BRDA:86,9,0,0
BRDA:86,9,1,0
BRDA:91,10,0,0
BRDA:91,10,1,0
BRDA:91,10,2,0
BRDA:92,11,0,0
BRDA:92,11,1,0
BRDA:94,12,0,0
BRDA:94,12,1,0
BRDA:95,13,0,0
BRDA:95,13,1,0
BRDA:100,14,0,0
BRDA:100,14,1,0
BRDA:101,15,0,0
BRDA:101,15,1,0
BRDA:102,16,0,0
BRDA:102,16,1,0
BRDA:102,17,0,0
BRDA:102,17,1,0
BRDA:102,18,0,0
BRDA:102,18,1,0
BRDA:103,19,0,0
BRDA:103,19,1,0
BRDA:103,20,0,0
BRDA:103,20,1,0
BRDA:103,21,0,0
BRDA:103,21,1,0
BRDA:107,22,0,0
BRDA:107,22,1,0
BRDA:111,23,0,0
BRDA:111,23,1,0
BRDA:114,24,0,0
BRDA:114,24,1,0
BRDA:115,25,0,0
BRDA:115,25,1,0
BRDA:118,26,0,0
BRDA:118,26,1,0
BRDA:118,26,2,0
BRDA:118,26,3,0
BRDA:119,27,0,0
BRDA:119,27,1,0
BRDA:120,28,0,0
BRDA:120,28,1,0
BRDA:121,29,0,0
BRDA:121,29,1,0
BRDA:126,30,0,0
BRDA:126,30,1,0
BRDA:130,31,0,0
BRDA:130,31,1,0
BRDA:138,32,0,0
BRDA:138,32,1,0
BRDA:142,33,0,0
BRDA:142,33,1,0
BRDA:144,34,0,0
BRDA:144,34,1,0
BRDA:145,35,0,0
BRDA:145,35,1,0
BRDA:147,36,0,0
BRDA:147,36,1,0
BRDA:151,37,0,0
BRDA:151,37,1,0
BRDA:200,38,0,0
BRDA:200,38,1,0
BRDA:200,39,0,0
BRDA:200,39,1,0
BRDA:200,39,2,0
BRDA:200,39,3,0
BRDA:202,40,0,0
BRDA:202,40,1,0
BRDA:204,41,0,0
BRDA:204,41,1,0
BRDA:205,42,0,0
BRDA:205,42,1,0
BRDA:205,43,0,0
BRDA:205,43,1,0
BRDA:205,43,2,0
BRDA:205,43,3,0
BRDA:205,43,4,0
BRDA:205,43,5,0
BRDA:205,43,6,0
BRDA:205,43,7,0
BRDA:205,43,8,0
BRDA:205,43,9,0
BRDA:205,43,10,0
BRDA:240,44,0,0
BRDA:240,44,1,9
BRDA:241,45,0,0
BRDA:241,45,1,0
BRDA:279,46,0,0
BRDA:279,46,1,0
BRDA:298,47,0,0
BRDA:298,47,1,0
BRDA:299,48,0,0
BRDA:299,48,1,0
BRDA:302,49,0,0
BRDA:302,49,1,0
BRDA:304,50,0,0
BRDA:304,50,1,0
BRDA:322,51,0,0
BRDA:322,51,1,0
BRDA:334,52,0,0
BRDA:334,52,1,0
BRDA:335,53,0,0
BRDA:335,53,1,0
BRDA:336,54,0,0
BRDA:336,54,1,0
BRDA:350,55,0,0
BRDA:350,55,1,9
BRDA:478,56,0,9
BRDA:478,56,1,9
BRF:126
BRH:10
end_of_record
TN:
SF:/Users/kitsonk/github/dojo/window.js
FN:2,(anonymous_1)
FN:26,(anonymous_2)
FN:40,(anonymous_3)
FN:62,(anonymous_4)
FN:93,(anonymous_5)
FN:119,(anonymous_6)
FN:148,(anonymous_7)
FN:154,(anonymous_8)
FNF:8
FNH:8
FNDA:2,(anonymous_1)
FNDA:1,(anonymous_2)
FNDA:1,(anonymous_3)
FNDA:3,(anonymous_4)
FNDA:38,(anonymous_5)
FNDA:36,(anonymous_6)
FNDA:168,(anonymous_7)
FNDA:44,(anonymous_8)
DA:1,2
DA:26,2
DA:27,1
DA:35,1
DA:36,1
DA:37,1
DA:40,2
DA:42,1
DA:50,1
DA:51,1
DA:52,1
DA:58,2
DA:66,3
DA:68,3
DA:74,3
DA:75,0
DA:77,0
DA:78,0
DA:82,3
DA:83,3
DA:85,3
DA:103,38
DA:108,0
DA:111,0
DA:112,0
DA:113,0
DA:116,38
DA:128,36
DA:129,36
DA:130,36
DA:136,36
DA:137,36
DA:139,0
DA:140,0
DA:142,36
DA:149,168
DA:155,44
DA:156,38
DA:158,6
DA:159,6
DA:162,36
DA:163,36
DA:164,132
DA:165,132
DA:169,132
DA:170,36
DA:171,36
DA:172,0
DA:174,36
DA:175,36
DA:177,96
DA:178,96
DA:179,96
DA:181,96
DA:182,6
DA:183,3
DA:185,6
DA:187,96
DA:188,96
DA:189,96
DA:190,6
DA:193,132
DA:194,0
DA:195,0
DA:197,0
DA:198,0
DA:200,0
DA:201,0
DA:203,0
DA:204,0
DA:208,132
DA:213,132
DA:214,132
DA:215,6
DA:216,6
DA:217,6
DA:218,6
DA:219,6
DA:220,6
DA:222,132
DA:223,38
DA:224,38
DA:225,38
DA:226,38
DA:227,38
DA:229,132
DA:232,0
DA:233,0
DA:238,2
DA:240,2
LF:90
LH:70
BRDA:66,1,0,3
BRDA:66,1,1,3
BRDA:69,2,0,0
BRDA:69,2,1,3
BRDA:74,3,0,0
BRDA:74,3,1,3
BRDA:77,4,0,0
BRDA:77,4,1,0
BRDA:78,5,0,0
BRDA:78,5,1,0
BRDA:103,6,0,0
BRDA:103,6,1,38
BRDA:103,7,0,38
BRDA:103,7,1,0
BRDA:116,8,0,38
BRDA:116,8,1,38
BRDA:130,9,0,36
BRDA:130,9,1,0
BRDA:132,10,0,36
BRDA:132,10,1,0
BRDA:133,11,0,36
BRDA:133,11,1,36
BRDA:136,12,0,0
BRDA:136,12,1,36
BRDA:136,13,0,36
BRDA:136,13,1,36
BRDA:137,14,0,0
BRDA:137,14,1,36
BRDA:137,15,0,36
BRDA:137,15,1,0
BRDA:137,16,0,36
BRDA:137,16,1,0
BRDA:137,16,2,0
BRDA:137,16,3,0
BRDA:137,16,4,0
BRDA:137,16,5,0
BRDA:143,17,0,36
BRDA:143,17,1,0
BRDA:143,18,0,36
BRDA:143,18,1,0
BRDA:144,19,0,36
BRDA:144,19,1,0
BRDA:144,20,0,36
BRDA:144,20,1,0
BRDA:145,21,0,24
BRDA:145,21,1,12
BRDA:145,22,0,36
BRDA:145,22,1,36
BRDA:146,23,0,36
BRDA:146,23,1,36
BRDA:149,24,0,0
BRDA:149,24,1,168
BRDA:149,25,0,168
BRDA:149,25,1,168
BRDA:149,25,2,0
BRDA:151,26,0,168
BRDA:151,26,1,168
BRDA:155,27,0,38
BRDA:155,27,1,6
BRDA:155,28,0,44
BRDA:155,28,1,20
BRDA:158,29,0,6
BRDA:158,29,1,0
BRDA:159,30,0,6
BRDA:159,30,1,6
BRDA:162,31,0,0
BRDA:162,31,1,36
BRDA:164,32,0,36
BRDA:164,32,1,96
BRDA:169,33,0,36
BRDA:169,33,1,96
BRDA:171,34,0,0
BRDA:171,34,1,36
BRDA:171,35,0,36
BRDA:171,35,1,12
BRDA:171,35,2,12
BRDA:171,35,3,0
BRDA:181,36,0,6
BRDA:181,36,1,90
BRDA:181,37,0,96
BRDA:181,37,1,96
BRDA:182,38,0,3
BRDA:182,38,1,3
BRDA:182,39,0,6
BRDA:182,39,1,3
BRDA:189,40,0,6
BRDA:189,40,1,90
BRDA:189,41,0,96
BRDA:189,41,1,96
BRDA:193,42,0,0
BRDA:193,42,1,132
BRDA:194,43,0,0
BRDA:194,43,1,0
BRDA:197,44,0,0
BRDA:197,44,1,0
BRDA:200,45,0,0
BRDA:200,45,1,0
BRDA:203,46,0,0
BRDA:203,46,1,0
BRDA:214,47,0,6
BRDA:214,47,1,126
BRDA:214,48,0,132
BRDA:214,48,1,6
BRDA:214,48,2,6
BRDA:214,48,3,0
BRDA:215,49,0,6
BRDA:215,49,1,0
BRDA:216,50,0,0
BRDA:216,50,1,6
BRDA:216,51,0,6
BRDA:216,51,1,3
BRDA:216,51,2,0
BRDA:216,51,3,3
BRDA:222,52,0,38
BRDA:222,52,1,94
BRDA:222,53,0,132
BRDA:222,53,1,38
BRDA:222,53,2,38
BRDA:222,53,3,6
BRDA:223,54,0,0
BRDA:223,54,1,38
BRDA:229,55,0,132
BRDA:229,55,1,96
BRDA:229,55,2,96
BRDA:238,56,0,2
BRDA:238,56,1,2
BRF:126
BRH:84
end_of_record
